2025-01-23 21:57:08,393 - INFO - b'{"racetype":{"raceMode":"THREE_LAP_SINGLE_CLASS","raceFormat":"NORMAL","raceLaps":"3"}}'
2025-01-23 21:57:08,403 - INFO - b'{"countdown":{"countValue":"3"}}'
2025-01-23 21:57:09,373 - INFO - b'{"countdown":{"countValue":"2"}}'
2025-01-23 21:57:10,373 - INFO - b'{"countdown":{"countValue":"1"}}'
2025-01-23 21:57:11,375 - INFO - b'{"countdown":{"countValue":"0"}}'
2025-01-23 21:57:12,811 - INFO - b'{"racedata":{"Dacus":{"position":"1","lap":"1","gate":"1","time":"1.369","finished":"False","colour":"00FFFF"}}}'
2025-01-23 21:57:13,629 - INFO - b'{"racedata":{"Dacus":{"position":"1","lap":"1","gate":"2","time":"2.152","finished":"False","colour":"00FFFF"}}}'
2025-01-23 21:57:13,836 - INFO - b'{"racedata":{"Dacus":{"position":"1","lap":"1","gate":"3","time":"2.415","finished":"False","colour":"00FFFF"}}}'
2025-01-23 21:57:14,562 - INFO - b'{"racedata":{"Dacus":{"position":"1","lap":"1","gate":"4","time":"3.174","finished":"False","colour":"00FFFF"}}}'
2025-01-23 21:57:14,867 - INFO - b'{"racedata":{"Dacus":{"position":"1","lap":"1","gate":"5","time":"3.482","finished":"False","colour":"00FFFF"}}}'
2025-01-23 21:57:15,788 - INFO - b'{"racedata":{"Dacus":{"position":"1","lap":"1","gate":"6","time":"4.316","finished":"False","colour":"00FFFF"}}}'
2025-01-23 21:57:15,887 - INFO - b'{"racedata":{"Dacus":{"position":"1","lap":"1","gate":"7","time":"4.412","finished":"False","colour":"00FFFF"}}}'
2025-01-23 21:57:16,192 - INFO - b'{"racedata":{"Dacus":{"position":"1","lap":"1","gate":"8","time":"4.784","finished":"False","colour":"00FFFF"}}}'
2025-01-23 21:57:16,803 - INFO - b'{"racedata":{"Dacus":{"position":"1","lap":"1","gate":"9","time":"5.364","finished":"False","colour":"00FFFF"}}}'
2025-01-23 21:57:17,725 - INFO - b'{"racedata":{"Dacus":{"position":"1","lap":"1","gate":"10","time":"6.263","finished":"False","colour":"00FFFF"}}}'
2025-01-23 21:57:18,133 - INFO - b'{"racedata":{"Dacus":{"position":"1","lap":"1","gate":"11","time":"6.741","finished":"False","colour":"00FFFF"}}}'
2025-01-23 21:57:18,639 - INFO - b'{"racedata":{"Dacus":{"position":"1","lap":"1","gate":"12","time":"7.237","finished":"False","colour":"00FFFF"}}}'
2025-01-23 21:57:19,151 - INFO - b'{"racedata":{"Dacus":{"position":"1","lap":"1","gate":"13","time":"7.722","finished":"False","colour":"00FFFF"}}}'
2025-01-23 21:57:19,775 - INFO - b'{"racedata":{"Dacus":{"position":"1","lap":"1","gate":"14","time":"8.319","finished":"False","colour":"00FFFF"}}}'
2025-01-23 21:57:20,190 - INFO - b'{"racedata":{"Dacus":{"position":"1","lap":"1","gate":"15","time":"8.765","finished":"False","colour":"00FFFF"}}}'
2025-01-23 21:57:20,813 - INFO - b'{"racedata":{"Dacus":{"position":"1","lap":"1","gate":"16","time":"9.393","finished":"False","colour":"00FFFF"}}}'
2025-01-23 21:57:21,016 - INFO - b'{"racedata":{"Dacus":{"position":"1","lap":"1","gate":"17","time":"9.587","finished":"False","colour":"00FFFF"}}}'
2025-01-23 21:57:21,220 - INFO - b'{"racedata":{"Dacus":{"position":"1","lap":"1","gate":"18","time":"9.758","finished":"False","colour":"00FFFF"}}}'
2025-01-23 21:57:21,424 - INFO - b'{"racedata":{"Dacus":{"position":"1","lap":"1","gate":"19","time":"9.992","finished":"False","colour":"00FFFF"}}}'
2025-01-23 21:57:22,554 - INFO - b'{"racedata":{"Dacus":{"position":"1","lap":"1","gate":"20","time":"11.100","finished":"False","colour":"00FFFF"}}}'
2025-01-23 21:57:23,165 - INFO - b'{"racedata":{"Dacus":{"position":"1","lap":"1","gate":"21","time":"11.710","finished":"False","colour":"00FFFF"}}}'
2025-01-23 21:57:24,494 - INFO - b'{"racedata":{"Dacus":{"position":"1","lap":"1","gate":"22","time":"13.025","finished":"False","colour":"00FFFF"}}}'
2025-01-23 21:57:25,523 - INFO - b'{"racedata":{"Dacus":{"position":"1","lap":"1","gate":"23","time":"14.133","finished":"False","colour":"00FFFF"}}}'
2025-01-23 21:57:26,455 - INFO - b'{"racedata":{"Dacus":{"position":"1","lap":"1","gate":"24","time":"15.043","finished":"False","colour":"00FFFF"}}}'
2025-01-23 21:57:26,761 - INFO - b'{"racedata":{"Dacus":{"position":"1","lap":"1","gate":"25","time":"15.291","finished":"False","colour":"00FFFF"}}}'
2025-01-23 21:57:27,682 - INFO - b'{"racedata":{"Dacus":{"position":"1","lap":"1","gate":"26","time":"16.259","finished":"False","colour":"00FFFF"}}}'
2025-01-23 21:57:27,990 - INFO - b'{"racedata":{"Dacus":{"position":"1","lap":"1","gate":"27","time":"16.592","finished":"False","colour":"00FFFF"}}}'
2025-01-23 21:57:29,115 - INFO - b'{"racedata":{"Dacus":{"position":"1","lap":"1","gate":"28","time":"17.661","finished":"False","colour":"00FFFF"}}}'
2025-01-23 21:57:29,420 - INFO - b'{"racedata":{"Dacus":{"position":"1","lap":"1","gate":"29","time":"17.992","finished":"False","colour":"00FFFF"}}}'
2025-01-23 21:57:29,930 - INFO - b'{"racedata":{"Dacus":{"position":"1","lap":"1","gate":"30","time":"18.470","finished":"False","colour":"00FFFF"}}}'
2025-01-23 21:57:30,443 - INFO - b'{"racedata":{"Dacus":{"position":"1","lap":"1","gate":"31","time":"19.057","finished":"False","colour":"00FFFF"}}}'
2025-01-23 21:57:31,167 - INFO - b'{"racedata":{"Dacus":{"position":"1","lap":"1","gate":"32","time":"19.765","finished":"False","colour":"00FFFF"}}}'
2025-01-23 21:57:31,779 - INFO - b'{"racedata":{"Dacus":{"position":"1","lap":"1","gate":"33","time":"20.391","finished":"False","colour":"00FFFF"}}}'
2025-01-23 21:57:32,295 - INFO - b'{"racedata":{"Dacus":{"position":"1","lap":"1","gate":"34","time":"20.882","finished":"False","colour":"00FFFF"}}}'
2025-01-23 21:57:32,705 - INFO - b'{"racedata":{"Dacus":{"position":"1","lap":"1","gate":"35","time":"21.309","finished":"False","colour":"00FFFF"}}}'
2025-01-23 21:57:33,420 - INFO - b'{"racedata":{"Dacus":{"position":"1","lap":"1","gate":"36","time":"21.983","finished":"False","colour":"00FFFF"}}}'
2025-01-23 21:57:33,725 - INFO - b'{"racedata":{"Dacus":{"position":"1","lap":"1","gate":"37","time":"22.314","finished":"False","colour":"00FFFF"}}}'
2025-01-23 21:57:34,132 - INFO - b'{"racedata":{"Dacus":{"position":"1","lap":"1","gate":"38","time":"22.711","finished":"False","colour":"00FFFF"}}}'
2025-01-23 21:57:34,844 - INFO - b'{"racedata":{"Dacus":{"position":"1","lap":"1","gate":"39","time":"23.371","finished":"False","colour":"00FFFF"}}}'
2025-01-23 21:57:35,051 - INFO - b'{"racedata":{"Dacus":{"position":"1","lap":"1","gate":"40","time":"23.617","finished":"False","colour":"00FFFF"}}}'
2025-01-23 21:57:35,966 - INFO - b'{"racedata":{"Dacus":{"position":"1","lap":"1","gate":"41","time":"24.537","finished":"False","colour":"00FFFF"}}}'
2025-01-23 21:57:36,787 - INFO - b'{"racedata":{"Dacus":{"position":"1","lap":"1","gate":"42","time":"25.395","finished":"False","colour":"00FFFF"}}}'
2025-01-23 21:57:37,809 - INFO - b'{"racedata":{"Dacus":{"position":"1","lap":"2","gate":"1","time":"26.391","finished":"False","colour":"00FFFF"}}}'
2025-01-23 21:57:38,526 - INFO - b'{"racedata":{"Dacus":{"position":"1","lap":"2","gate":"2","time":"27.101","finished":"False","colour":"00FFFF"}}}'
2025-01-23 21:57:38,930 - INFO - b'{"racedata":{"Dacus":{"position":"1","lap":"2","gate":"3","time":"27.535","finished":"False","colour":"00FFFF"}}}'
2025-01-23 21:57:39,650 - INFO - b'{"racedata":{"Dacus":{"position":"1","lap":"2","gate":"4","time":"28.245","finished":"False","colour":"00FFFF"}}}'
2025-01-23 21:57:40,062 - INFO - b'{"racedata":{"Dacus":{"position":"1","lap":"2","gate":"5","time":"28.681","finished":"False","colour":"00FFFF"}}}'
2025-01-23 21:57:41,194 - INFO - b'{"racedata":{"Dacus":{"position":"1","lap":"2","gate":"6","time":"29.753","finished":"False","colour":"00FFFF"}}}'
2025-01-23 21:57:41,299 - INFO - b'{"racedata":{"Dacus":{"position":"1","lap":"2","gate":"7","time":"29.840","finished":"False","colour":"00FFFF"}}}'
2025-01-23 21:57:41,606 - INFO - b'{"racedata":{"Dacus":{"position":"1","lap":"2","gate":"8","time":"30.226","finished":"False","colour":"00FFFF"}}}'
2025-01-23 21:57:42,225 - INFO - b'{"racedata":{"Dacus":{"position":"1","lap":"2","gate":"9","time":"30.840","finished":"False","colour":"00FFFF"}}}'
2025-01-23 21:57:43,150 - INFO - b'{"racedata":{"Dacus":{"position":"1","lap":"2","gate":"10","time":"31.762","finished":"False","colour":"00FFFF"}}}'
2025-01-23 21:57:43,668 - INFO - b'{"racedata":{"Dacus":{"position":"1","lap":"2","gate":"11","time":"32.260","finished":"False","colour":"00FFFF"}}}'
2025-01-23 21:57:44,181 - INFO - b'{"racedata":{"Dacus":{"position":"1","lap":"2","gate":"12","time":"32.761","finished":"False","colour":"00FFFF"}}}'
2025-01-23 21:57:44,690 - INFO - b'{"racedata":{"Dacus":{"position":"1","lap":"2","gate":"13","time":"33.254","finished":"False","colour":"00FFFF"}}}'
2025-01-23 21:57:45,304 - INFO - b'{"racedata":{"Dacus":{"position":"1","lap":"2","gate":"14","time":"33.874","finished":"False","colour":"00FFFF"}}}'
2025-01-23 21:57:45,613 - INFO - b'{"racedata":{"Dacus":{"position":"1","lap":"2","gate":"15","time":"34.213","finished":"False","colour":"00FFFF"}}}'
2025-01-23 21:57:46,332 - INFO - b'{"racedata":{"Dacus":{"position":"1","lap":"2","gate":"16","time":"34.926","finished":"False","colour":"00FFFF"}}}'
2025-01-23 21:57:46,536 - INFO - b'{"racedata":{"Dacus":{"position":"1","lap":"2","gate":"17","time":"35.125","finished":"False","colour":"00FFFF"}}}'
2025-01-23 21:57:46,742 - INFO - b'{"racedata":{"Dacus":{"position":"1","lap":"2","gate":"18","time":"35.305","finished":"False","colour":"00FFFF"}}}'
2025-01-23 21:57:46,948 - INFO - b'{"racedata":{"Dacus":{"position":"1","lap":"2","gate":"19","time":"35.546","finished":"False","colour":"00FFFF"}}}'
2025-01-23 21:57:48,191 - INFO - b'{"racedata":{"Dacus":{"position":"1","lap":"2","gate":"20","time":"36.755","finished":"False","colour":"00FFFF"}}}'
2025-01-23 21:57:48,707 - INFO - b'{"racedata":{"Dacus":{"position":"1","lap":"2","gate":"21","time":"37.289","finished":"False","colour":"00FFFF"}}}'
2025-01-23 21:57:50,043 - INFO - b'{"racedata":{"Dacus":{"position":"1","lap":"2","gate":"22","time":"38.652","finished":"False","colour":"00FFFF"}}}'
2025-01-23 21:57:51,171 - INFO - b'{"racedata":{"Dacus":{"position":"1","lap":"2","gate":"23","time":"39.785","finished":"False","colour":"00FFFF"}}}'
2025-01-23 21:57:52,391 - INFO - b'{"racedata":{"Dacus":{"position":"1","lap":"2","gate":"24","time":"40.964","finished":"False","colour":"00FFFF"}}}'
2025-01-23 21:57:52,700 - INFO - b'{"racedata":{"Dacus":{"position":"1","lap":"2","gate":"25","time":"41.266","finished":"False","colour":"00FFFF"}}}'
2025-01-23 21:57:53,723 - INFO - b'{"racedata":{"Dacus":{"position":"1","lap":"2","gate":"26","time":"42.342","finished":"False","colour":"00FFFF"}}}'
2025-01-23 21:57:54,038 - INFO - b'{"racedata":{"Dacus":{"position":"1","lap":"2","gate":"27","time":"42.629","finished":"False","colour":"00FFFF"}}}'
2025-01-23 21:57:55,167 - INFO - b'{"racedata":{"Dacus":{"position":"1","lap":"2","gate":"28","time":"43.702","finished":"False","colour":"00FFFF"}}}'
2025-01-23 21:57:55,472 - INFO - b'{"racedata":{"Dacus":{"position":"1","lap":"2","gate":"29","time":"44.039","finished":"False","colour":"00FFFF"}}}'
2025-01-23 21:57:55,983 - INFO - b'{"racedata":{"Dacus":{"position":"1","lap":"2","gate":"30","time":"44.507","finished":"False","colour":"00FFFF"}}}'
2025-01-23 21:57:56,594 - INFO - b'{"racedata":{"Dacus":{"position":"1","lap":"2","gate":"31","time":"45.149","finished":"False","colour":"00FFFF"}}}'
2025-01-23 21:57:57,408 - INFO - b'{"racedata":{"Dacus":{"position":"1","lap":"2","gate":"32","time":"45.931","finished":"False","colour":"00FFFF"}}}'
2025-01-23 21:57:58,024 - INFO - b'{"racedata":{"Dacus":{"position":"1","lap":"2","gate":"33","time":"46.612","finished":"False","colour":"00FFFF"}}}'
2025-01-23 21:57:58,541 - INFO - b'{"racedata":{"Dacus":{"position":"1","lap":"2","gate":"34","time":"47.127","finished":"False","colour":"00FFFF"}}}'
2025-01-23 21:57:58,949 - INFO - b'{"racedata":{"Dacus":{"position":"1","lap":"2","gate":"35","time":"47.567","finished":"False","colour":"00FFFF"}}}'
2025-01-23 21:57:59,561 - INFO - b'{"racedata":{"Dacus":{"position":"1","lap":"2","gate":"36","time":"48.179","finished":"False","colour":"00FFFF"}}}'
2025-01-23 21:57:59,971 - INFO - b'{"racedata":{"Dacus":{"position":"1","lap":"2","gate":"37","time":"48.526","finished":"False","colour":"00FFFF"}}}'
2025-01-23 21:58:00,380 - INFO - b'{"racedata":{"Dacus":{"position":"1","lap":"2","gate":"38","time":"48.933","finished":"False","colour":"00FFFF"}}}'
2025-01-23 21:58:01,092 - INFO - b'{"racedata":{"Dacus":{"position":"1","lap":"2","gate":"39","time":"49.630","finished":"False","colour":"00FFFF"}}}'
2025-01-23 21:58:01,297 - INFO - b'{"racedata":{"Dacus":{"position":"1","lap":"2","gate":"40","time":"49.875","finished":"False","colour":"00FFFF"}}}'
2025-01-23 21:58:02,321 - INFO - b'{"racedata":{"Dacus":{"position":"1","lap":"2","gate":"41","time":"50.863","finished":"False","colour":"00FFFF"}}}'
2025-01-23 21:58:03,036 - INFO - b'{"racedata":{"Dacus":{"position":"1","lap":"2","gate":"42","time":"51.581","finished":"False","colour":"00FFFF"}}}'
2025-01-23 21:58:04,070 - INFO - b'{"racedata":{"Dacus":{"position":"1","lap":"3","gate":"1","time":"52.668","finished":"False","colour":"00FFFF"}}}'
2025-01-23 21:58:04,790 - INFO - b'{"racedata":{"Dacus":{"position":"1","lap":"3","gate":"2","time":"53.388","finished":"False","colour":"00FFFF"}}}'
2025-01-23 21:58:05,405 - INFO - b'{"racedata":{"Dacus":{"position":"1","lap":"3","gate":"3","time":"53.992","finished":"False","colour":"00FFFF"}}}'
2025-01-23 21:58:06,120 - INFO - b'{"racedata":{"Dacus":{"position":"1","lap":"3","gate":"4","time":"54.740","finished":"False","colour":"00FFFF"}}}'
2025-01-23 21:58:06,633 - INFO - b'{"racedata":{"Dacus":{"position":"1","lap":"3","gate":"5","time":"55.231","finished":"False","colour":"00FFFF"}}}'
2025-01-23 21:58:07,452 - INFO - b'{"racedata":{"Dacus":{"position":"1","lap":"3","gate":"6","time":"56.042","finished":"False","colour":"00FFFF"}}}'
2025-01-23 21:58:07,555 - INFO - b'{"racedata":{"Dacus":{"position":"1","lap":"3","gate":"7","time":"56.142","finished":"False","colour":"00FFFF"}}}'
2025-01-23 21:58:07,964 - INFO - b'{"racedata":{"Dacus":{"position":"1","lap":"3","gate":"8","time":"56.556","finished":"False","colour":"00FFFF"}}}'
2025-01-23 21:58:08,579 - INFO - b'{"racedata":{"Dacus":{"position":"1","lap":"3","gate":"9","time":"57.173","finished":"False","colour":"00FFFF"}}}'
2025-01-23 21:58:09,500 - INFO - b'{"racedata":{"Dacus":{"position":"1","lap":"3","gate":"10","time":"58.102","finished":"False","colour":"00FFFF"}}}'
2025-01-23 21:58:10,022 - INFO - b'{"racedata":{"Dacus":{"position":"1","lap":"3","gate":"11","time":"58.588","finished":"False","colour":"00FFFF"}}}'
2025-01-23 21:58:10,535 - INFO - b'{"racedata":{"Dacus":{"position":"1","lap":"3","gate":"12","time":"59.119","finished":"False","colour":"00FFFF"}}}'
2025-01-23 21:58:11,050 - INFO - b'{"racedata":{"Dacus":{"position":"1","lap":"3","gate":"13","time":"59.588","finished":"False","colour":"00FFFF"}}}'
2025-01-23 21:58:11,566 - INFO - b'{"racedata":{"Dacus":{"position":"1","lap":"3","gate":"14","time":"60.144","finished":"False","colour":"00FFFF"}}}'
2025-01-23 21:58:12,289 - INFO - b'{"racedata":{"Dacus":{"position":"1","lap":"3","gate":"15","time":"60.813","finished":"False","colour":"00FFFF"}}}'
2025-01-23 21:58:13,000 - INFO - b'{"racedata":{"Dacus":{"position":"1","lap":"3","gate":"16","time":"61.540","finished":"False","colour":"00FFFF"}}}'
2025-01-23 21:58:13,206 - INFO - b'{"racedata":{"Dacus":{"position":"1","lap":"3","gate":"17","time":"61.740","finished":"False","colour":"00FFFF"}}}'
2025-01-23 21:58:13,307 - INFO - b'{"racedata":{"Dacus":{"position":"1","lap":"3","gate":"18","time":"61.921","finished":"False","colour":"00FFFF"}}}'
2025-01-23 21:58:13,613 - INFO - b'{"racedata":{"Dacus":{"position":"1","lap":"3","gate":"19","time":"62.169","finished":"False","colour":"00FFFF"}}}'
2025-01-23 21:58:15,043 - INFO - b'{"racedata":{"Dacus":{"position":"1","lap":"3","gate":"20","time":"63.620","finished":"False","colour":"00FFFF"}}}'
2025-01-23 21:58:15,560 - INFO - b'{"racedata":{"Dacus":{"position":"1","lap":"3","gate":"21","time":"64.082","finished":"False","colour":"00FFFF"}}}'
2025-01-23 21:58:16,895 - INFO - b'{"racedata":{"Dacus":{"position":"1","lap":"3","gate":"22","time":"65.514","finished":"False","colour":"00FFFF"}}}'
2025-01-23 21:58:18,112 - INFO - b'{"racedata":{"Dacus":{"position":"1","lap":"3","gate":"23","time":"66.643","finished":"False","colour":"00FFFF"}}}'
2025-01-23 21:58:19,240 - INFO - b'{"racedata":{"Dacus":{"position":"1","lap":"3","gate":"24","time":"67.802","finished":"False","colour":"00FFFF"}}}'
2025-01-23 21:58:19,446 - INFO - b'{"racedata":{"Dacus":{"position":"1","lap":"3","gate":"25","time":"68.043","finished":"False","colour":"00FFFF"}}}'
2025-01-23 21:58:20,360 - INFO - b'{"racedata":{"Dacus":{"position":"1","lap":"3","gate":"26","time":"68.947","finished":"False","colour":"00FFFF"}}}'
2025-01-23 21:58:20,668 - INFO - b'{"racedata":{"Dacus":{"position":"1","lap":"3","gate":"27","time":"69.248","finished":"False","colour":"00FFFF"}}}'
2025-01-23 21:58:21,796 - INFO - b'{"racedata":{"Dacus":{"position":"1","lap":"3","gate":"28","time":"70.348","finished":"False","colour":"00FFFF"}}}'
2025-01-23 21:58:22,104 - INFO - b'{"racedata":{"Dacus":{"position":"1","lap":"3","gate":"29","time":"70.692","finished":"False","colour":"00FFFF"}}}'
2025-01-23 21:58:22,619 - INFO - b'{"racedata":{"Dacus":{"position":"1","lap":"3","gate":"30","time":"71.158","finished":"False","colour":"00FFFF"}}}'
2025-01-23 21:58:23,129 - INFO - b'{"racedata":{"Dacus":{"position":"1","lap":"3","gate":"31","time":"71.693","finished":"False","colour":"00FFFF"}}}'
2025-01-23 21:58:23,847 - INFO - b'{"racedata":{"Dacus":{"position":"1","lap":"3","gate":"32","time":"72.417","finished":"False","colour":"00FFFF"}}}'
2025-01-23 21:58:24,461 - INFO - b'{"racedata":{"Dacus":{"position":"1","lap":"3","gate":"33","time":"73.053","finished":"False","colour":"00FFFF"}}}'
2025-01-23 21:58:24,980 - INFO - b'{"racedata":{"Dacus":{"position":"1","lap":"3","gate":"34","time":"73.594","finished":"False","colour":"00FFFF"}}}'
2025-01-23 21:58:25,391 - INFO - b'{"racedata":{"Dacus":{"position":"1","lap":"3","gate":"35","time":"73.952","finished":"False","colour":"00FFFF"}}}'
2025-01-23 21:58:26,112 - INFO - b'{"racedata":{"Dacus":{"position":"1","lap":"3","gate":"36","time":"74.717","finished":"False","colour":"00FFFF"}}}'
2025-01-23 21:58:26,525 - INFO - b'{"racedata":{"Dacus":{"position":"1","lap":"3","gate":"37","time":"75.057","finished":"False","colour":"00FFFF"}}}'
2025-01-23 21:58:26,939 - INFO - b'{"racedata":{"Dacus":{"position":"1","lap":"3","gate":"38","time":"75.485","finished":"False","colour":"00FFFF"}}}'
2025-01-23 21:58:27,559 - INFO - b'{"racedata":{"Dacus":{"position":"1","lap":"3","gate":"39","time":"76.170","finished":"False","colour":"00FFFF"}}}'
2025-01-23 21:58:27,865 - INFO - b'{"racedata":{"Dacus":{"position":"1","lap":"3","gate":"40","time":"76.415","finished":"False","colour":"00FFFF"}}}'
2025-01-23 21:58:28,795 - INFO - b'{"racedata":{"Dacus":{"position":"1","lap":"3","gate":"41","time":"77.374","finished":"False","colour":"00FFFF"}}}'
2025-01-23 21:58:29,612 - INFO - b'{"racedata":{"Dacus":{"position":"1","lap":"3","gate":"42","time":"78.137","finished":"False","colour":"00FFFF"}}}'
2025-01-23 21:58:30,679 - INFO - b'{"racedata":{"Dacus":{"position":"1","lap":"3","gate":"43","time":"79.251","finished":"True","colour":"00FFFF"}}}'
2025-01-23 21:58:30,989 - INFO - b'{"racestatus":{"raceAction":"race finished"}}'
2025-01-23 21:58:35,989 - INFO - b'{"racestatus":{"raceAction":"start"}}'
2025-01-23 21:58:36,000 - INFO - b'{"countdown":{"countValue":"3"}}'
2025-01-23 21:58:36,972 - INFO - b'{"countdown":{"countValue":"2"}}'
2025-01-23 21:58:37,975 - INFO - b'{"countdown":{"countValue":"1"}}'
2025-01-23 21:58:38,973 - INFO - b'{"countdown":{"countValue":"0"}}'
2025-01-23 21:58:40,354 - INFO - b'{"racedata":{"Dacus":{"position":"1","lap":"1","gate":"1","time":"1.334","finished":"False","colour":"00FFFF"}}}'
2025-01-23 21:58:40,967 - INFO - b'{"racedata":{"Dacus":{"position":"1","lap":"1","gate":"2","time":"1.918","finished":"False","colour":"00FFFF"}}}'
2025-01-23 21:58:41,272 - INFO - b'{"racedata":{"Dacus":{"position":"1","lap":"1","gate":"3","time":"2.271","finished":"False","colour":"00FFFF"}}}'
2025-01-23 21:58:42,094 - INFO - b'{"racedata":{"Dacus":{"position":"1","lap":"1","gate":"4","time":"3.039","finished":"False","colour":"00FFFF"}}}'
2025-01-23 21:58:42,404 - INFO - b'{"racedata":{"Dacus":{"position":"1","lap":"1","gate":"5","time":"3.345","finished":"False","colour":"00FFFF"}}}'
2025-01-23 21:58:43,116 - INFO - b'{"racedata":{"Dacus":{"position":"1","lap":"1","gate":"6","time":"4.072","finished":"False","colour":"00FFFF"}}}'
2025-01-23 21:58:43,216 - INFO - b'{"racedata":{"Dacus":{"position":"1","lap":"1","gate":"7","time":"4.177","finished":"False","colour":"00FFFF"}}}'
2025-01-23 21:58:43,521 - INFO - b'{"racedata":{"Dacus":{"position":"1","lap":"1","gate":"8","time":"4.526","finished":"False","colour":"00FFFF"}}}'
2025-01-23 21:58:44,128 - INFO - b'{"racedata":{"Dacus":{"position":"1","lap":"1","gate":"9","time":"5.099","finished":"False","colour":"00FFFF"}}}'
2025-01-23 21:58:44,949 - INFO - b'{"racedata":{"Dacus":{"position":"1","lap":"1","gate":"10","time":"5.970","finished":"False","colour":"00FFFF"}}}'
2025-01-23 21:58:45,360 - INFO - b'{"racedata":{"Dacus":{"position":"1","lap":"1","gate":"11","time":"6.381","finished":"False","colour":"00FFFF"}}}'
2025-01-23 21:58:45,971 - INFO - b'{"racedata":{"Dacus":{"position":"1","lap":"1","gate":"12","time":"6.894","finished":"False","colour":"00FFFF"}}}'
2025-01-23 21:58:46,384 - INFO - b'{"racedata":{"Dacus":{"position":"1","lap":"1","gate":"13","time":"7.319","finished":"False","colour":"00FFFF"}}}'
2025-01-23 21:58:46,690 - INFO - b'{"racedata":{"Dacus":{"position":"1","lap":"1","gate":"14","time":"7.683","finished":"False","colour":"00FFFF"}}}'
2025-01-23 21:58:47,101 - INFO - b'{"racedata":{"Dacus":{"position":"1","lap":"1","gate":"15","time":"8.077","finished":"False","colour":"00FFFF"}}}'
2025-01-23 21:58:47,716 - INFO - b'{"racedata":{"Dacus":{"position":"1","lap":"1","gate":"16","time":"8.664","finished":"False","colour":"00FFFF"}}}'
2025-01-23 21:58:47,918 - INFO - b'{"racedata":{"Dacus":{"position":"1","lap":"1","gate":"17","time":"8.845","finished":"False","colour":"00FFFF"}}}'
2025-01-23 21:58:48,019 - INFO - b'{"racedata":{"Dacus":{"position":"1","lap":"1","gate":"18","time":"9.010","finished":"False","colour":"00FFFF"}}}'
2025-01-23 21:58:48,229 - INFO - b'{"racedata":{"Dacus":{"position":"1","lap":"1","gate":"19","time":"9.244","finished":"False","colour":"00FFFF"}}}'
2025-01-23 21:58:49,254 - INFO - b'{"racedata":{"Dacus":{"position":"1","lap":"1","gate":"20","time":"10.194","finished":"False","colour":"00FFFF"}}}'
2025-01-23 21:58:49,775 - INFO - b'{"racedata":{"Dacus":{"position":"1","lap":"1","gate":"21","time":"10.701","finished":"False","colour":"00FFFF"}}}'
2025-01-23 21:58:51,008 - INFO - b'{"racedata":{"Dacus":{"position":"1","lap":"1","gate":"22","time":"12.001","finished":"False","colour":"00FFFF"}}}'
2025-01-23 21:58:52,142 - INFO - b'{"racedata":{"Dacus":{"position":"1","lap":"1","gate":"23","time":"13.096","finished":"False","colour":"00FFFF"}}}'
2025-01-23 21:58:53,067 - INFO - b'{"racedata":{"Dacus":{"position":"1","lap":"1","gate":"24","time":"14.002","finished":"False","colour":"00FFFF"}}}'
2025-01-23 21:58:53,275 - INFO - b'{"racedata":{"Dacus":{"position":"1","lap":"1","gate":"25","time":"14.231","finished":"False","colour":"00FFFF"}}}'
2025-01-23 21:58:53,902 - INFO - b'{"racedata":{"Dacus":{"position":"1","lap":"1","gate":"26","time":"14.921","finished":"False","colour":"00FFFF"}}}'
2025-01-23 21:58:54,215 - INFO - b'{"racedata":{"Dacus":{"position":"1","lap":"1","gate":"27","time":"15.230","finished":"False","colour":"00FFFF"}}}'
2025-01-23 21:58:55,347 - INFO - b'{"racedata":{"Dacus":{"position":"1","lap":"1","gate":"28","time":"16.321","finished":"False","colour":"00FFFF"}}}'
2025-01-23 21:58:55,653 - INFO - b'{"racedata":{"Dacus":{"position":"1","lap":"1","gate":"29","time":"16.655","finished":"False","colour":"00FFFF"}}}'
2025-01-23 21:58:56,163 - INFO - b'{"racedata":{"Dacus":{"position":"1","lap":"1","gate":"30","time":"17.103","finished":"False","colour":"00FFFF"}}}'
2025-01-23 21:58:56,577 - INFO - b'{"racedata":{"Dacus":{"position":"1","lap":"1","gate":"31","time":"17.588","finished":"False","colour":"00FFFF"}}}'
2025-01-23 21:58:57,402 - INFO - b'{"racedata":{"Dacus":{"position":"1","lap":"1","gate":"32","time":"18.326","finished":"False","colour":"00FFFF"}}}'
2025-01-23 21:58:57,915 - INFO - b'{"racedata":{"Dacus":{"position":"1","lap":"1","gate":"33","time":"18.843","finished":"False","colour":"00FFFF"}}}'
2025-01-23 21:58:58,222 - INFO - b'{"racedata":{"Dacus":{"position":"1","lap":"1","gate":"34","time":"19.232","finished":"False","colour":"00FFFF"}}}'
2025-01-23 21:58:58,631 - INFO - b'{"racedata":{"Dacus":{"position":"1","lap":"1","gate":"35","time":"19.604","finished":"False","colour":"00FFFF"}}}'
2025-01-23 21:58:59,150 - INFO - b'{"racedata":{"Dacus":{"position":"1","lap":"1","gate":"36","time":"20.157","finished":"False","colour":"00FFFF"}}}'
2025-01-23 21:58:59,553 - INFO - b'{"racedata":{"Dacus":{"position":"1","lap":"1","gate":"37","time":"20.509","finished":"False","colour":"00FFFF"}}}'
2025-01-23 21:58:59,961 - INFO - b'{"racedata":{"Dacus":{"position":"1","lap":"1","gate":"38","time":"20.914","finished":"False","colour":"00FFFF"}}}'
2025-01-23 21:59:00,570 - INFO - b'{"racedata":{"Dacus":{"position":"1","lap":"1","gate":"39","time":"21.567","finished":"False","colour":"00FFFF"}}}'
2025-01-23 21:59:00,773 - INFO - b'{"racedata":{"Dacus":{"position":"1","lap":"1","gate":"40","time":"21.790","finished":"False","colour":"00FFFF"}}}'
2025-01-23 21:59:01,698 - INFO - b'{"racedata":{"Dacus":{"position":"1","lap":"1","gate":"41","time":"22.710","finished":"False","colour":"00FFFF"}}}'
2025-01-23 21:59:02,311 - INFO - b'{"racedata":{"Dacus":{"position":"1","lap":"1","gate":"42","time":"23.326","finished":"False","colour":"00FFFF"}}}'
2025-01-23 21:59:03,338 - INFO - b'{"racedata":{"Dacus":{"position":"1","lap":"2","gate":"1","time":"24.278","finished":"False","colour":"00FFFF"}}}'
2025-01-23 21:59:03,953 - INFO - b'{"racedata":{"Dacus":{"position":"1","lap":"2","gate":"2","time":"24.938","finished":"False","colour":"00FFFF"}}}'
2025-01-23 21:59:04,364 - INFO - b'{"racedata":{"Dacus":{"position":"1","lap":"2","gate":"3","time":"25.340","finished":"False","colour":"00FFFF"}}}'
2025-01-23 21:59:05,079 - INFO - b'{"racedata":{"Dacus":{"position":"1","lap":"2","gate":"4","time":"26.083","finished":"False","colour":"00FFFF"}}}'
2025-01-23 21:59:05,589 - INFO - b'{"racedata":{"Dacus":{"position":"1","lap":"2","gate":"5","time":"26.584","finished":"False","colour":"00FFFF"}}}'
2025-01-23 21:59:06,205 - INFO - b'{"racedata":{"Dacus":{"position":"1","lap":"2","gate":"6","time":"27.221","finished":"False","colour":"00FFFF"}}}'
2025-01-23 21:59:06,411 - INFO - b'{"racedata":{"Dacus":{"position":"1","lap":"2","gate":"7","time":"27.335","finished":"False","colour":"00FFFF"}}}'
2025-01-23 21:59:06,825 - INFO - b'{"racedata":{"Dacus":{"position":"1","lap":"2","gate":"8","time":"27.755","finished":"False","colour":"00FFFF"}}}'
2025-01-23 21:59:07,441 - INFO - b'{"racedata":{"Dacus":{"position":"1","lap":"2","gate":"9","time":"28.375","finished":"False","colour":"00FFFF"}}}'
2025-01-23 21:59:08,368 - INFO - b'{"racedata":{"Dacus":{"position":"1","lap":"2","gate":"10","time":"29.297","finished":"False","colour":"00FFFF"}}}'
2025-01-23 21:59:08,677 - INFO - b'{"racedata":{"Dacus":{"position":"1","lap":"2","gate":"11","time":"29.657","finished":"False","colour":"00FFFF"}}}'
2025-01-23 21:59:09,190 - INFO - b'{"racedata":{"Dacus":{"position":"1","lap":"2","gate":"12","time":"30.189","finished":"False","colour":"00FFFF"}}}'
2025-01-23 21:59:09,708 - INFO - b'{"racedata":{"Dacus":{"position":"1","lap":"2","gate":"13","time":"30.652","finished":"False","colour":"00FFFF"}}}'
2025-01-23 21:59:10,115 - INFO - b'{"racedata":{"Dacus":{"position":"1","lap":"2","gate":"14","time":"31.084","finished":"False","colour":"00FFFF"}}}'
2025-01-23 21:59:10,421 - INFO - b'{"racedata":{"Dacus":{"position":"1","lap":"2","gate":"15","time":"31.401","finished":"False","colour":"00FFFF"}}}'
2025-01-23 21:59:11,140 - INFO - b'{"racedata":{"Dacus":{"position":"1","lap":"2","gate":"16","time":"32.068","finished":"False","colour":"00FFFF"}}}'
2025-01-23 21:59:11,242 - INFO - b'{"racedata":{"Dacus":{"position":"1","lap":"2","gate":"17","time":"32.258","finished":"False","colour":"00FFFF"}}}'
2025-01-23 21:59:11,445 - INFO - b'{"racedata":{"Dacus":{"position":"1","lap":"2","gate":"18","time":"32.430","finished":"False","colour":"00FFFF"}}}'
2025-01-23 21:59:11,648 - INFO - b'{"racedata":{"Dacus":{"position":"1","lap":"2","gate":"19","time":"32.669","finished":"False","colour":"00FFFF"}}}'
2025-01-23 21:59:12,774 - INFO - b'{"racedata":{"Dacus":{"position":"1","lap":"2","gate":"20","time":"33.757","finished":"False","colour":"00FFFF"}}}'
2025-01-23 21:59:13,289 - INFO - b'{"racedata":{"Dacus":{"position":"1","lap":"2","gate":"21","time":"34.259","finished":"False","colour":"00FFFF"}}}'
2025-01-23 21:59:14,618 - INFO - b'{"racedata":{"Dacus":{"position":"1","lap":"2","gate":"22","time":"35.596","finished":"False","colour":"00FFFF"}}}'
2025-01-23 21:59:15,649 - INFO - b'{"racedata":{"Dacus":{"position":"1","lap":"2","gate":"23","time":"36.627","finished":"False","colour":"00FFFF"}}}'
2025-01-23 21:59:16,574 - INFO - b'{"racedata":{"Dacus":{"position":"1","lap":"2","gate":"24","time":"37.555","finished":"False","colour":"00FFFF"}}}'
2025-01-23 21:59:16,781 - INFO - b'{"racedata":{"Dacus":{"position":"1","lap":"2","gate":"25","time":"37.781","finished":"False","colour":"00FFFF"}}}'
2025-01-23 21:59:17,607 - INFO - b'{"racedata":{"Dacus":{"position":"1","lap":"2","gate":"26","time":"38.561","finished":"False","colour":"00FFFF"}}}'
2025-01-23 21:59:17,914 - INFO - b'{"racedata":{"Dacus":{"position":"1","lap":"2","gate":"27","time":"38.849","finished":"False","colour":"00FFFF"}}}'
2025-01-23 21:59:18,938 - INFO - b'{"racedata":{"Dacus":{"position":"1","lap":"2","gate":"28","time":"39.925","finished":"False","colour":"00FFFF"}}}'
2025-01-23 21:59:19,249 - INFO - b'{"racedata":{"Dacus":{"position":"1","lap":"2","gate":"29","time":"40.264","finished":"False","colour":"00FFFF"}}}'
2025-01-23 21:59:19,759 - INFO - b'{"racedata":{"Dacus":{"position":"1","lap":"2","gate":"30","time":"40.705","finished":"False","colour":"00FFFF"}}}'
2025-01-23 21:59:20,273 - INFO - b'{"racedata":{"Dacus":{"position":"1","lap":"2","gate":"31","time":"41.213","finished":"False","colour":"00FFFF"}}}'
2025-01-23 21:59:20,887 - INFO - b'{"racedata":{"Dacus":{"position":"1","lap":"2","gate":"32","time":"41.908","finished":"False","colour":"00FFFF"}}}'
2025-01-23 21:59:21,402 - INFO - b'{"racedata":{"Dacus":{"position":"1","lap":"2","gate":"33","time":"42.377","finished":"False","colour":"00FFFF"}}}'
2025-01-23 21:59:21,912 - INFO - b'{"racedata":{"Dacus":{"position":"1","lap":"2","gate":"34","time":"42.889","finished":"False","colour":"00FFFF"}}}'
2025-01-23 21:59:22,322 - INFO - b'{"racedata":{"Dacus":{"position":"1","lap":"2","gate":"35","time":"43.253","finished":"False","colour":"00FFFF"}}}'
2025-01-23 21:59:22,837 - INFO - b'{"racedata":{"Dacus":{"position":"1","lap":"2","gate":"36","time":"43.803","finished":"False","colour":"00FFFF"}}}'
2025-01-23 21:59:23,143 - INFO - b'{"racedata":{"Dacus":{"position":"1","lap":"2","gate":"37","time":"44.146","finished":"False","colour":"00FFFF"}}}'
2025-01-23 21:59:23,547 - INFO - b'{"racedata":{"Dacus":{"position":"1","lap":"2","gate":"38","time":"44.544","finished":"False","colour":"00FFFF"}}}'
2025-01-23 21:59:24,256 - INFO - b'{"racedata":{"Dacus":{"position":"1","lap":"2","gate":"39","time":"45.189","finished":"False","colour":"00FFFF"}}}'
2025-01-23 21:59:24,460 - INFO - b'{"racedata":{"Dacus":{"position":"1","lap":"2","gate":"40","time":"45.412","finished":"False","colour":"00FFFF"}}}'
2025-01-23 21:59:25,379 - INFO - b'{"racedata":{"Dacus":{"position":"1","lap":"2","gate":"41","time":"46.372","finished":"False","colour":"00FFFF"}}}'
2025-01-23 21:59:25,894 - INFO - b'{"racedata":{"Dacus":{"position":"1","lap":"2","gate":"42","time":"46.880","finished":"False","colour":"00FFFF"}}}'
2025-01-23 21:59:26,830 - INFO - b'{"racedata":{"Dacus":{"position":"1","lap":"3","gate":"1","time":"47.822","finished":"False","colour":"00FFFF"}}}'
2025-01-23 21:59:27,441 - INFO - b'{"racedata":{"Dacus":{"position":"1","lap":"3","gate":"2","time":"48.463","finished":"False","colour":"00FFFF"}}}'
2025-01-23 21:59:28,057 - INFO - b'{"racedata":{"Dacus":{"position":"1","lap":"3","gate":"3","time":"48.998","finished":"False","colour":"00FFFF"}}}'
2025-01-23 21:59:28,774 - INFO - b'{"racedata":{"Dacus":{"position":"1","lap":"3","gate":"4","time":"49.742","finished":"False","colour":"00FFFF"}}}'
2025-01-23 21:59:29,190 - INFO - b'{"racedata":{"Dacus":{"position":"1","lap":"3","gate":"5","time":"50.146","finished":"False","colour":"00FFFF"}}}'
2025-01-23 21:59:29,907 - INFO - b'{"racedata":{"Dacus":{"position":"1","lap":"3","gate":"6","time":"50.836","finished":"False","colour":"00FFFF"}}}'
2025-01-23 21:59:30,011 - INFO - b'{"racedata":{"Dacus":{"position":"1","lap":"3","gate":"7","time":"50.964","finished":"False","colour":"00FFFF"}}}'
2025-01-23 21:59:30,421 - INFO - b'{"racedata":{"Dacus":{"position":"1","lap":"3","gate":"8","time":"51.389","finished":"False","colour":"00FFFF"}}}'
2025-01-23 21:59:31,041 - INFO - b'{"racedata":{"Dacus":{"position":"1","lap":"3","gate":"9","time":"52.038","finished":"False","colour":"00FFFF"}}}'
2025-01-23 21:59:31,963 - INFO - b'{"racedata":{"Dacus":{"position":"1","lap":"3","gate":"10","time":"52.962","finished":"False","colour":"00FFFF"}}}'
2025-01-23 21:59:32,474 - INFO - b'{"racedata":{"Dacus":{"position":"1","lap":"3","gate":"11","time":"53.435","finished":"False","colour":"00FFFF"}}}'
2025-01-23 21:59:32,988 - INFO - b'{"racedata":{"Dacus":{"position":"1","lap":"3","gate":"12","time":"53.957","finished":"False","colour":"00FFFF"}}}'
2025-01-23 21:59:33,394 - INFO - b'{"racedata":{"Dacus":{"position":"1","lap":"3","gate":"13","time":"54.361","finished":"False","colour":"00FFFF"}}}'
2025-01-23 21:59:33,903 - INFO - b'{"racedata":{"Dacus":{"position":"1","lap":"3","gate":"14","time":"54.907","finished":"False","colour":"00FFFF"}}}'
2025-01-23 21:59:34,007 - INFO - b'{"racedata":{"Dacus":{"position":"1","lap":"3","gate":"15","time":"55.010","finished":"False","colour":"00FFFF"}}}'
2025-01-23 21:59:34,828 - INFO - b'{"racedata":{"Dacus":{"position":"1","lap":"3","gate":"16","time":"55.782","finished":"False","colour":"00FFFF"}}}'
2025-01-23 21:59:35,036 - INFO - b'{"racedata":{"Dacus":{"position":"1","lap":"3","gate":"17","time":"55.971","finished":"False","colour":"00FFFF"}}}'
2025-01-23 21:59:35,137 - INFO - b'{"racedata":{"Dacus":{"position":"1","lap":"3","gate":"18","time":"56.145","finished":"False","colour":"00FFFF"}}}'
2025-01-23 21:59:35,445 - INFO - b'{"racedata":{"Dacus":{"position":"1","lap":"3","gate":"19","time":"56.370","finished":"False","colour":"00FFFF"}}}'
2025-01-23 21:59:36,886 - INFO - b'{"racedata":{"Dacus":{"position":"1","lap":"3","gate":"20","time":"57.841","finished":"False","colour":"00FFFF"}}}'
2025-01-23 21:59:37,192 - INFO - b'{"racedata":{"Dacus":{"position":"1","lap":"3","gate":"21","time":"58.192","finished":"False","colour":"00FFFF"}}}'
2025-01-23 21:59:38,628 - INFO - b'{"racedata":{"Dacus":{"position":"1","lap":"3","gate":"22","time":"59.565","finished":"False","colour":"00FFFF"}}}'
2025-01-23 21:59:39,753 - INFO - b'{"racedata":{"Dacus":{"position":"1","lap":"3","gate":"23","time":"60.696","finished":"False","colour":"00FFFF"}}}'
2025-01-23 21:59:40,675 - INFO - b'{"racedata":{"Dacus":{"position":"1","lap":"3","gate":"24","time":"61.686","finished":"False","colour":"00FFFF"}}}'
2025-01-23 21:59:40,979 - INFO - b'{"racedata":{"Dacus":{"position":"1","lap":"3","gate":"25","time":"61.935","finished":"False","colour":"00FFFF"}}}'
2025-01-23 21:59:41,601 - INFO - b'{"racedata":{"Dacus":{"position":"1","lap":"3","gate":"26","time":"62.617","finished":"False","colour":"00FFFF"}}}'
2025-01-23 21:59:41,909 - INFO - b'{"racedata":{"Dacus":{"position":"1","lap":"3","gate":"27","time":"62.914","finished":"False","colour":"00FFFF"}}}'
2025-01-23 21:59:43,035 - INFO - b'{"racedata":{"Dacus":{"position":"1","lap":"3","gate":"28","time":"64.012","finished":"False","colour":"00FFFF"}}}'
2025-01-23 21:59:43,342 - INFO - b'{"racedata":{"Dacus":{"position":"1","lap":"3","gate":"29","time":"64.347","finished":"False","colour":"00FFFF"}}}'
2025-01-23 21:59:43,851 - INFO - b'{"racedata":{"Dacus":{"position":"1","lap":"3","gate":"30","time":"64.777","finished":"False","colour":"00FFFF"}}}'
2025-01-23 21:59:44,355 - INFO - b'{"racedata":{"Dacus":{"position":"1","lap":"3","gate":"31","time":"65.339","finished":"False","colour":"00FFFF"}}}'
2025-01-23 21:59:45,170 - INFO - b'{"racedata":{"Dacus":{"position":"1","lap":"3","gate":"32","time":"66.189","finished":"False","colour":"00FFFF"}}}'
2025-01-23 21:59:45,685 - INFO - b'{"racedata":{"Dacus":{"position":"1","lap":"3","gate":"33","time":"66.637","finished":"False","colour":"00FFFF"}}}'
2025-01-23 21:59:46,199 - INFO - b'{"racedata":{"Dacus":{"position":"1","lap":"3","gate":"34","time":"67.153","finished":"False","colour":"00FFFF"}}}'
2025-01-23 21:59:46,606 - INFO - b'{"racedata":{"Dacus":{"position":"1","lap":"3","gate":"35","time":"67.547","finished":"False","colour":"00FFFF"}}}'
2025-01-23 21:59:47,216 - INFO - b'{"racedata":{"Dacus":{"position":"1","lap":"3","gate":"36","time":"68.227","finished":"False","colour":"00FFFF"}}}'
2025-01-23 21:59:47,623 - INFO - b'{"racedata":{"Dacus":{"position":"1","lap":"3","gate":"37","time":"68.571","finished":"False","colour":"00FFFF"}}}'
2025-01-23 21:59:48,031 - INFO - b'{"racedata":{"Dacus":{"position":"1","lap":"3","gate":"38","time":"68.978","finished":"False","colour":"00FFFF"}}}'
2025-01-23 21:59:48,645 - INFO - b'{"racedata":{"Dacus":{"position":"1","lap":"3","gate":"39","time":"69.630","finished":"False","colour":"00FFFF"}}}'
2025-01-23 21:59:48,853 - INFO - b'{"racedata":{"Dacus":{"position":"1","lap":"3","gate":"40","time":"69.863","finished":"False","colour":"00FFFF"}}}'
2025-01-23 21:59:49,879 - INFO - b'{"racedata":{"Dacus":{"position":"1","lap":"3","gate":"41","time":"70.816","finished":"False","colour":"00FFFF"}}}'
2025-01-23 21:59:50,391 - INFO - b'{"racedata":{"Dacus":{"position":"1","lap":"3","gate":"42","time":"71.376","finished":"False","colour":"00FFFF"}}}'
2025-01-23 21:59:51,420 - INFO - b'{"racedata":{"Dacus":{"position":"1","lap":"3","gate":"43","time":"72.339","finished":"True","colour":"00FFFF"}}}'
2025-01-23 21:59:51,689 - INFO - b'{"racestatus":{"raceAction":"race finished"}}'
2025-01-23 21:59:56,689 - INFO - b'{"spectatorChange":"Dacus"}'
2025-01-23 21:59:56,694 - INFO - b'{"racestatus":{"raceAction":"start"}}'
2025-01-23 21:59:56,706 - INFO - b'{"countdown":{"countValue":"3"}}'
2025-01-23 21:59:57,676 - INFO - b'{"countdown":{"countValue":"2"}}'
2025-01-23 21:59:58,678 - INFO - b'{"countdown":{"countValue":"1"}}'
2025-01-23 21:59:59,678 - INFO - b'{"countdown":{"countValue":"0"}}'
2025-01-23 22:00:01,017 - INFO - b'{"racedata":{"Dacus":{"position":"1","lap":"1","gate":"1","time":"1.317","finished":"False","colour":"00FFFF"}}}'
2025-01-23 22:00:01,732 - INFO - b'{"racedata":{"Dacus":{"position":"1","lap":"1","gate":"2","time":"2.012","finished":"False","colour":"00FFFF"}}}'
2025-01-23 22:00:02,041 - INFO - b'{"racedata":{"Dacus":{"position":"1","lap":"1","gate":"3","time":"2.301","finished":"False","colour":"00FFFF"}}}'
2025-01-23 22:00:02,758 - INFO - b'{"racedata":{"Dacus":{"position":"1","lap":"1","gate":"4","time":"3.068","finished":"False","colour":"00FFFF"}}}'
2025-01-23 22:00:03,069 - INFO - b'{"racedata":{"Dacus":{"position":"1","lap":"1","gate":"5","time":"3.384","finished":"False","colour":"00FFFF"}}}'
2025-01-23 22:00:03,890 - INFO - b'{"racedata":{"Dacus":{"position":"1","lap":"1","gate":"6","time":"4.130","finished":"False","colour":"00FFFF"}}}'
2025-01-23 22:00:03,995 - INFO - b'{"racedata":{"Dacus":{"position":"1","lap":"1","gate":"7","time":"4.230","finished":"False","colour":"00FFFF"}}}'
2025-01-23 22:00:04,407 - INFO - b'{"racedata":{"Dacus":{"position":"1","lap":"1","gate":"8","time":"4.639","finished":"False","colour":"00FFFF"}}}'
2025-01-23 22:00:04,923 - INFO - b'{"racedata":{"Dacus":{"position":"1","lap":"1","gate":"9","time":"5.218","finished":"False","colour":"00FFFF"}}}'
2025-01-23 22:00:05,846 - INFO - b'{"racedata":{"Dacus":{"position":"1","lap":"1","gate":"10","time":"6.102","finished":"False","colour":"00FFFF"}}}'
2025-01-23 22:00:06,156 - INFO - b'{"racedata":{"Dacus":{"position":"1","lap":"1","gate":"11","time":"6.460","finished":"False","colour":"00FFFF"}}}'
2025-01-23 22:00:06,769 - INFO - b'{"racedata":{"Dacus":{"position":"1","lap":"1","gate":"12","time":"7.030","finished":"False","colour":"00FFFF"}}}'
2025-01-23 22:00:07,180 - INFO - b'{"racedata":{"Dacus":{"position":"1","lap":"1","gate":"13","time":"7.429","finished":"False","colour":"00FFFF"}}}'
2025-01-23 22:00:07,590 - INFO - b'{"racedata":{"Dacus":{"position":"1","lap":"1","gate":"14","time":"7.886","finished":"False","colour":"00FFFF"}}}'
2025-01-23 22:00:08,005 - INFO - b'{"racedata":{"Dacus":{"position":"1","lap":"1","gate":"15","time":"8.266","finished":"False","colour":"00FFFF"}}}'
2025-01-23 22:00:08,614 - INFO - b'{"racedata":{"Dacus":{"position":"1","lap":"1","gate":"16","time":"8.875","finished":"False","colour":"00FFFF"}}}'
2025-01-23 22:00:08,821 - INFO - b'{"racedata":{"Dacus":{"position":"1","lap":"1","gate":"17","time":"9.056","finished":"False","colour":"00FFFF"}}}'
2025-01-23 22:00:08,922 - INFO - b'{"racedata":{"Dacus":{"position":"1","lap":"1","gate":"18","time":"9.222","finished":"False","colour":"00FFFF"}}}'
2025-01-23 22:00:09,230 - INFO - b'{"racedata":{"Dacus":{"position":"1","lap":"1","gate":"19","time":"9.452","finished":"False","colour":"00FFFF"}}}'
2025-01-23 22:00:10,267 - INFO - b'{"racedata":{"Dacus":{"position":"1","lap":"1","gate":"20","time":"10.502","finished":"False","colour":"00FFFF"}}}'
2025-01-23 22:00:10,779 - INFO - b'{"racedata":{"Dacus":{"position":"1","lap":"1","gate":"21","time":"11.012","finished":"False","colour":"00FFFF"}}}'
2025-01-23 22:00:12,021 - INFO - b'{"racedata":{"Dacus":{"position":"1","lap":"1","gate":"22","time":"12.281","finished":"False","colour":"00FFFF"}}}'
2025-01-23 22:00:12,945 - INFO - b'{"racedata":{"Dacus":{"position":"1","lap":"1","gate":"23","time":"13.260","finished":"False","colour":"00FFFF"}}}'
2025-01-23 22:00:13,875 - INFO - b'{"racedata":{"Dacus":{"position":"1","lap":"1","gate":"24","time":"14.111","finished":"False","colour":"00FFFF"}}}'
2025-01-23 22:00:14,080 - INFO - b'{"racedata":{"Dacus":{"position":"1","lap":"1","gate":"25","time":"14.330","finished":"False","colour":"00FFFF"}}}'
2025-01-23 22:00:14,692 - INFO - b'{"racedata":{"Dacus":{"position":"1","lap":"1","gate":"26","time":"14.913","finished":"False","colour":"00FFFF"}}}'
2025-01-23 22:00:14,899 - INFO - b'{"racedata":{"Dacus":{"position":"1","lap":"1","gate":"27","time":"15.192","finished":"False","colour":"00FFFF"}}}'
2025-01-23 22:00:15,940 - INFO - b'{"racedata":{"Dacus":{"position":"1","lap":"1","gate":"28","time":"16.250","finished":"False","colour":"00FFFF"}}}'
2025-01-23 22:00:16,348 - INFO - b'{"racedata":{"Dacus":{"position":"1","lap":"1","gate":"29","time":"16.585","finished":"False","colour":"00FFFF"}}}'
2025-01-23 22:00:16,756 - INFO - b'{"racedata":{"Dacus":{"position":"1","lap":"1","gate":"30","time":"17.016","finished":"False","colour":"00FFFF"}}}'
2025-01-23 22:00:17,168 - INFO - b'{"racedata":{"Dacus":{"position":"1","lap":"1","gate":"31","time":"17.470","finished":"False","colour":"00FFFF"}}}'
2025-01-23 22:00:17,885 - INFO - b'{"racedata":{"Dacus":{"position":"1","lap":"1","gate":"32","time":"18.158","finished":"False","colour":"00FFFF"}}}'
2025-01-23 22:00:18,398 - INFO - b'{"racedata":{"Dacus":{"position":"1","lap":"1","gate":"33","time":"18.664","finished":"False","colour":"00FFFF"}}}'
2025-01-23 22:00:18,809 - INFO - b'{"racedata":{"Dacus":{"position":"1","lap":"1","gate":"34","time":"19.051","finished":"False","colour":"00FFFF"}}}'
2025-01-23 22:00:19,216 - INFO - b'{"racedata":{"Dacus":{"position":"1","lap":"1","gate":"35","time":"19.452","finished":"False","colour":"00FFFF"}}}'
2025-01-23 22:00:19,621 - INFO - b'{"racedata":{"Dacus":{"position":"1","lap":"1","gate":"36","time":"19.894","finished":"False","colour":"00FFFF"}}}'
2025-01-23 22:00:19,928 - INFO - b'{"racedata":{"Dacus":{"position":"1","lap":"1","gate":"37","time":"20.243","finished":"False","colour":"00FFFF"}}}'
2025-01-23 22:00:20,336 - INFO - b'{"racedata":{"Dacus":{"position":"1","lap":"1","gate":"38","time":"20.638","finished":"False","colour":"00FFFF"}}}'
2025-01-23 22:00:21,053 - INFO - b'{"racedata":{"Dacus":{"position":"1","lap":"1","gate":"39","time":"21.279","finished":"False","colour":"00FFFF"}}}'
2025-01-23 22:00:21,261 - INFO - b'{"racedata":{"Dacus":{"position":"1","lap":"1","gate":"40","time":"21.505","finished":"False","colour":"00FFFF"}}}'
2025-01-23 22:00:22,078 - INFO - b'{"racedata":{"Dacus":{"position":"1","lap":"1","gate":"41","time":"22.302","finished":"False","colour":"00FFFF"}}}'
2025-01-23 22:00:22,589 - INFO - b'{"racedata":{"Dacus":{"position":"1","lap":"1","gate":"42","time":"22.868","finished":"False","colour":"00FFFF"}}}'
2025-01-23 22:00:23,520 - INFO - b'{"racedata":{"Dacus":{"position":"1","lap":"2","gate":"1","time":"23.818","finished":"False","colour":"00FFFF"}}}'
2025-01-23 22:00:24,139 - INFO - b'{"racedata":{"Dacus":{"position":"1","lap":"2","gate":"2","time":"24.439","finished":"False","colour":"00FFFF"}}}'
2025-01-23 22:00:24,545 - INFO - b'{"racedata":{"Dacus":{"position":"1","lap":"2","gate":"3","time":"24.780","finished":"False","colour":"00FFFF"}}}'
2025-01-23 22:00:25,358 - INFO - b'{"racedata":{"Dacus":{"position":"1","lap":"2","gate":"4","time":"25.589","finished":"False","colour":"00FFFF"}}}'
2025-01-23 22:00:25,667 - INFO - b'{"racedata":{"Dacus":{"position":"1","lap":"2","gate":"5","time":"25.887","finished":"False","colour":"00FFFF"}}}'
2025-01-23 22:00:26,276 - INFO - b'{"racedata":{"Dacus":{"position":"1","lap":"2","gate":"6","time":"26.560","finished":"False","colour":"00FFFF"}}}'
2025-01-23 22:00:26,383 - INFO - b'{"racedata":{"Dacus":{"position":"1","lap":"2","gate":"7","time":"26.669","finished":"False","colour":"00FFFF"}}}'
2025-01-23 22:00:26,796 - INFO - b'{"racedata":{"Dacus":{"position":"1","lap":"2","gate":"8","time":"27.099","finished":"False","colour":"00FFFF"}}}'
2025-01-23 22:00:27,418 - INFO - b'{"racedata":{"Dacus":{"position":"1","lap":"2","gate":"9","time":"27.698","finished":"False","colour":"00FFFF"}}}'
2025-01-23 22:00:28,346 - INFO - b'{"racedata":{"Dacus":{"position":"1","lap":"2","gate":"10","time":"28.607","finished":"False","colour":"00FFFF"}}}'
2025-01-23 22:00:28,757 - INFO - b'{"racedata":{"Dacus":{"position":"1","lap":"2","gate":"11","time":"29.051","finished":"False","colour":"00FFFF"}}}'
2025-01-23 22:00:29,372 - INFO - b'{"racedata":{"Dacus":{"position":"1","lap":"2","gate":"12","time":"29.589","finished":"False","colour":"00FFFF"}}}'
2025-01-23 22:00:29,677 - INFO - b'{"racedata":{"Dacus":{"position":"1","lap":"2","gate":"13","time":"29.913","finished":"False","colour":"00FFFF"}}}'
2025-01-23 22:00:30,084 - INFO - b'{"racedata":{"Dacus":{"position":"1","lap":"2","gate":"14","time":"30.393","finished":"False","colour":"00FFFF"}}}'
2025-01-23 22:00:30,493 - INFO - b'{"racedata":{"Dacus":{"position":"1","lap":"2","gate":"15","time":"30.732","finished":"False","colour":"00FFFF"}}}'
2025-01-23 22:00:31,102 - INFO - b'{"racedata":{"Dacus":{"position":"1","lap":"2","gate":"16","time":"31.365","finished":"False","colour":"00FFFF"}}}'
2025-01-23 22:00:31,307 - INFO - b'{"racedata":{"Dacus":{"position":"1","lap":"2","gate":"17","time":"31.554","finished":"False","colour":"00FFFF"}}}'
2025-01-23 22:00:31,508 - INFO - b'{"racedata":{"Dacus":{"position":"1","lap":"2","gate":"18","time":"31.728","finished":"False","colour":"00FFFF"}}}'
2025-01-23 22:00:31,713 - INFO - b'{"racedata":{"Dacus":{"position":"1","lap":"2","gate":"19","time":"31.981","finished":"False","colour":"00FFFF"}}}'
2025-01-23 22:00:32,746 - INFO - b'{"racedata":{"Dacus":{"position":"1","lap":"2","gate":"20","time":"32.999","finished":"False","colour":"00FFFF"}}}'
2025-01-23 22:00:33,056 - INFO - b'{"racedata":{"Dacus":{"position":"1","lap":"2","gate":"21","time":"33.371","finished":"False","colour":"00FFFF"}}}'
2025-01-23 22:00:34,393 - INFO - b'{"racedata":{"Dacus":{"position":"1","lap":"2","gate":"22","time":"34.697","finished":"False","colour":"00FFFF"}}}'
2025-01-23 22:00:35,314 - INFO - b'{"racedata":{"Dacus":{"position":"1","lap":"2","gate":"23","time":"35.612","finished":"False","colour":"00FFFF"}}}'
2025-01-23 22:00:36,339 - INFO - b'{"racedata":{"Dacus":{"position":"1","lap":"2","gate":"24","time":"36.586","finished":"False","colour":"00FFFF"}}}'
2025-01-23 22:00:36,544 - INFO - b'{"racedata":{"Dacus":{"position":"1","lap":"2","gate":"25","time":"36.816","finished":"False","colour":"00FFFF"}}}'
2025-01-23 22:00:37,161 - INFO - b'{"racedata":{"Dacus":{"position":"1","lap":"2","gate":"26","time":"37.444","finished":"False","colour":"00FFFF"}}}'
2025-01-23 22:00:37,471 - INFO - b'{"racedata":{"Dacus":{"position":"1","lap":"2","gate":"27","time":"37.732","finished":"False","colour":"00FFFF"}}}'
2025-01-23 22:00:38,593 - INFO - b'{"racedata":{"Dacus":{"position":"1","lap":"2","gate":"28","time":"38.813","finished":"False","colour":"00FFFF"}}}'
2025-01-23 22:00:38,902 - INFO - b'{"racedata":{"Dacus":{"position":"1","lap":"2","gate":"29","time":"39.141","finished":"False","colour":"00FFFF"}}}'
2025-01-23 22:00:39,313 - INFO - b'{"racedata":{"Dacus":{"position":"1","lap":"2","gate":"30","time":"39.598","finished":"False","colour":"00FFFF"}}}'
2025-01-23 22:00:39,830 - INFO - b'{"racedata":{"Dacus":{"position":"1","lap":"2","gate":"31","time":"40.103","finished":"False","colour":"00FFFF"}}}'
2025-01-23 22:00:40,447 - INFO - b'{"racedata":{"Dacus":{"position":"1","lap":"2","gate":"32","time":"40.763","finished":"False","colour":"00FFFF"}}}'
2025-01-23 22:00:41,068 - INFO - b'{"racedata":{"Dacus":{"position":"1","lap":"2","gate":"33","time":"41.316","finished":"False","colour":"00FFFF"}}}'
2025-01-23 22:00:41,472 - INFO - b'{"racedata":{"Dacus":{"position":"1","lap":"2","gate":"34","time":"41.729","finished":"False","colour":"00FFFF"}}}'
2025-01-23 22:00:41,883 - INFO - b'{"racedata":{"Dacus":{"position":"1","lap":"2","gate":"35","time":"42.127","finished":"False","colour":"00FFFF"}}}'
2025-01-23 22:00:42,396 - INFO - b'{"racedata":{"Dacus":{"position":"1","lap":"2","gate":"36","time":"42.649","finished":"False","colour":"00FFFF"}}}'
2025-01-23 22:00:42,704 - INFO - b'{"racedata":{"Dacus":{"position":"1","lap":"2","gate":"37","time":"42.990","finished":"False","colour":"00FFFF"}}}'
2025-01-23 22:00:43,118 - INFO - b'{"racedata":{"Dacus":{"position":"1","lap":"2","gate":"38","time":"43.390","finished":"False","colour":"00FFFF"}}}'
2025-01-23 22:00:43,735 - INFO - b'{"racedata":{"Dacus":{"position":"1","lap":"2","gate":"39","time":"44.033","finished":"False","colour":"00FFFF"}}}'
2025-01-23 22:00:44,041 - INFO - b'{"racedata":{"Dacus":{"position":"1","lap":"2","gate":"40","time":"44.266","finished":"False","colour":"00FFFF"}}}'
2025-01-23 22:00:44,860 - INFO - b'{"racedata":{"Dacus":{"position":"1","lap":"2","gate":"41","time":"45.110","finished":"False","colour":"00FFFF"}}}'
2025-01-23 22:00:45,376 - INFO - b'{"racedata":{"Dacus":{"position":"1","lap":"2","gate":"42","time":"45.688","finished":"False","colour":"00FFFF"}}}'
2025-01-23 22:00:46,302 - INFO - b'{"racedata":{"Dacus":{"position":"1","lap":"3","gate":"1","time":"46.596","finished":"False","colour":"00FFFF"}}}'
2025-01-23 22:00:46,925 - INFO - b'{"racedata":{"Dacus":{"position":"1","lap":"3","gate":"2","time":"47.183","finished":"False","colour":"00FFFF"}}}'
2025-01-23 22:00:47,336 - INFO - b'{"racedata":{"Dacus":{"position":"1","lap":"3","gate":"3","time":"47.591","finished":"False","colour":"00FFFF"}}}'
2025-01-23 22:00:48,050 - INFO - b'{"racedata":{"Dacus":{"position":"1","lap":"3","gate":"4","time":"48.360","finished":"False","colour":"00FFFF"}}}'
2025-01-23 22:00:48,360 - INFO - b'{"racedata":{"Dacus":{"position":"1","lap":"3","gate":"5","time":"48.676","finished":"False","colour":"00FFFF"}}}'
2025-01-23 22:00:49,178 - INFO - b'{"racedata":{"Dacus":{"position":"1","lap":"3","gate":"6","time":"49.427","finished":"False","colour":"00FFFF"}}}'
2025-01-23 22:00:49,284 - INFO - b'{"racedata":{"Dacus":{"position":"1","lap":"3","gate":"7","time":"49.533","finished":"False","colour":"00FFFF"}}}'
2025-01-23 22:00:49,697 - INFO - b'{"racedata":{"Dacus":{"position":"1","lap":"3","gate":"8","time":"49.945","finished":"False","colour":"00FFFF"}}}'
2025-01-23 22:00:50,310 - INFO - b'{"racedata":{"Dacus":{"position":"1","lap":"3","gate":"9","time":"50.552","finished":"False","colour":"00FFFF"}}}'
2025-01-23 22:00:51,236 - INFO - b'{"racedata":{"Dacus":{"position":"1","lap":"3","gate":"10","time":"51.464","finished":"False","colour":"00FFFF"}}}'
2025-01-23 22:00:51,648 - INFO - b'{"racedata":{"Dacus":{"position":"1","lap":"3","gate":"11","time":"51.900","finished":"False","colour":"00FFFF"}}}'
2025-01-23 22:00:52,162 - INFO - b'{"racedata":{"Dacus":{"position":"1","lap":"3","gate":"12","time":"52.425","finished":"False","colour":"00FFFF"}}}'
2025-01-23 22:00:52,576 - INFO - b'{"racedata":{"Dacus":{"position":"1","lap":"3","gate":"13","time":"52.830","finished":"False","colour":"00FFFF"}}}'
2025-01-23 22:00:52,986 - INFO - b'{"racedata":{"Dacus":{"position":"1","lap":"3","gate":"14","time":"53.259","finished":"False","colour":"00FFFF"}}}'
2025-01-23 22:00:53,401 - INFO - b'{"racedata":{"Dacus":{"position":"1","lap":"3","gate":"15","time":"53.618","finished":"False","colour":"00FFFF"}}}'
2025-01-23 22:00:54,021 - INFO - b'{"racedata":{"Dacus":{"position":"1","lap":"3","gate":"16","time":"54.238","finished":"False","colour":"00FFFF"}}}'
2025-01-23 22:00:54,123 - INFO - b'{"racedata":{"Dacus":{"position":"1","lap":"3","gate":"17","time":"54.428","finished":"False","colour":"00FFFF"}}}'
2025-01-23 22:00:54,330 - INFO - b'{"racedata":{"Dacus":{"position":"1","lap":"3","gate":"18","time":"54.605","finished":"False","colour":"00FFFF"}}}'
2025-01-23 22:00:54,632 - INFO - b'{"racedata":{"Dacus":{"position":"1","lap":"3","gate":"19","time":"54.860","finished":"False","colour":"00FFFF"}}}'
2025-01-23 22:00:55,652 - INFO - b'{"racedata":{"Dacus":{"position":"1","lap":"3","gate":"20","time":"55.920","finished":"False","colour":"00FFFF"}}}'
2025-01-23 22:00:56,060 - INFO - b'{"racedata":{"Dacus":{"position":"1","lap":"3","gate":"21","time":"56.285","finished":"False","colour":"00FFFF"}}}'
2025-01-23 22:00:57,394 - INFO - b'{"racedata":{"Dacus":{"position":"1","lap":"3","gate":"22","time":"57.665","finished":"False","colour":"00FFFF"}}}'
2025-01-23 22:00:58,419 - INFO - b'{"racedata":{"Dacus":{"position":"1","lap":"3","gate":"23","time":"58.678","finished":"False","colour":"00FFFF"}}}'
2025-01-23 22:00:59,245 - INFO - b'{"racedata":{"Dacus":{"position":"1","lap":"3","gate":"24","time":"59.498","finished":"False","colour":"00FFFF"}}}'
2025-01-23 22:00:59,450 - INFO - b'{"racedata":{"Dacus":{"position":"1","lap":"3","gate":"25","time":"59.731","finished":"False","colour":"00FFFF"}}}'
2025-01-23 22:01:00,063 - INFO - b'{"racedata":{"Dacus":{"position":"1","lap":"3","gate":"26","time":"60.299","finished":"False","colour":"00FFFF"}}}'
2025-01-23 22:01:00,375 - INFO - b'{"racedata":{"Dacus":{"position":"1","lap":"3","gate":"27","time":"60.619","finished":"False","colour":"00FFFF"}}}'
2025-01-23 22:01:01,492 - INFO - b'{"racedata":{"Dacus":{"position":"1","lap":"3","gate":"28","time":"61.713","finished":"False","colour":"00FFFF"}}}'
2025-01-23 22:01:01,803 - INFO - b'{"racedata":{"Dacus":{"position":"1","lap":"3","gate":"29","time":"62.059","finished":"False","colour":"00FFFF"}}}'
2025-01-23 22:01:02,112 - INFO - b'{"racedata":{"Dacus":{"position":"1","lap":"3","gate":"30","time":"62.422","finished":"False","colour":"00FFFF"}}}'
2025-01-23 22:01:02,720 - INFO - b'{"racedata":{"Dacus":{"position":"1","lap":"3","gate":"31","time":"62.965","finished":"False","colour":"00FFFF"}}}'
2025-01-23 22:01:03,441 - INFO - b'{"racedata":{"Dacus":{"position":"1","lap":"3","gate":"32","time":"63.701","finished":"False","colour":"00FFFF"}}}'
2025-01-23 22:01:04,063 - INFO - b'{"racedata":{"Dacus":{"position":"1","lap":"3","gate":"33","time":"64.307","finished":"False","colour":"00FFFF"}}}'
2025-01-23 22:01:04,472 - INFO - b'{"racedata":{"Dacus":{"position":"1","lap":"3","gate":"34","time":"64.719","finished":"False","colour":"00FFFF"}}}'
2025-01-23 22:01:04,880 - INFO - b'{"racedata":{"Dacus":{"position":"1","lap":"3","gate":"35","time":"65.172","finished":"False","colour":"00FFFF"}}}'
2025-01-23 22:01:05,392 - INFO - b'{"racedata":{"Dacus":{"position":"1","lap":"3","gate":"36","time":"65.686","finished":"False","colour":"00FFFF"}}}'
2025-01-23 22:01:05,799 - INFO - b'{"racedata":{"Dacus":{"position":"1","lap":"3","gate":"37","time":"66.052","finished":"False","colour":"00FFFF"}}}'
2025-01-23 22:01:06,208 - INFO - b'{"racedata":{"Dacus":{"position":"1","lap":"3","gate":"38","time":"66.470","finished":"False","colour":"00FFFF"}}}'
2025-01-23 22:01:06,826 - INFO - b'{"racedata":{"Dacus":{"position":"1","lap":"3","gate":"39","time":"67.121","finished":"False","colour":"00FFFF"}}}'
2025-01-23 22:01:07,032 - INFO - b'{"racedata":{"Dacus":{"position":"1","lap":"3","gate":"40","time":"67.342","finished":"False","colour":"00FFFF"}}}'
2025-01-23 22:01:07,954 - INFO - b'{"racedata":{"Dacus":{"position":"1","lap":"3","gate":"41","time":"68.260","finished":"False","colour":"00FFFF"}}}'
2025-01-23 22:01:08,468 - INFO - b'{"racedata":{"Dacus":{"position":"1","lap":"3","gate":"42","time":"68.784","finished":"False","colour":"00FFFF"}}}'
2025-01-23 22:01:09,445 - INFO - b'{"racedata":{"Dacus":{"position":"1","lap":"3","gate":"43","time":"69.715","finished":"True","colour":"00FFFF"}}}'
2025-01-23 22:01:09,757 - INFO - b'{"racestatus":{"raceAction":"race finished"}}'
2025-01-23 22:01:14,757 - INFO - b'{"racestatus":{"raceAction":"start"}}'
2025-01-23 22:01:14,758 - INFO - b'{"racetype":{"raceMode":"THREE_LAP_SINGLE_CLASS","raceFormat":"NORMAL","raceLaps":"3"}}'
2025-01-23 22:01:14,769 - INFO - b'{"countdown":{"countValue":"3"}}'
2025-01-23 22:01:15,738 - INFO - b'{"countdown":{"countValue":"2"}}'
2025-01-23 22:01:16,741 - INFO - b'{"countdown":{"countValue":"1"}}'
2025-01-23 22:01:17,740 - INFO - b'{"countdown":{"countValue":"0"}}'
2025-01-23 22:01:19,099 - INFO - b'{"racedata":{"Dacus":{"position":"1","lap":"1","gate":"1","time":"1.336","finished":"False","colour":"00FFFF"}}}'
2025-01-23 22:01:19,710 - INFO - b'{"racedata":{"Dacus":{"position":"1","lap":"1","gate":"2","time":"1.965","finished":"False","colour":"00FFFF"}}}'
2025-01-23 22:01:20,118 - INFO - b'{"racedata":{"Dacus":{"position":"1","lap":"1","gate":"3","time":"2.302","finished":"False","colour":"00FFFF"}}}'
2025-01-23 22:01:20,840 - INFO - b'{"racedata":{"Dacus":{"position":"1","lap":"1","gate":"4","time":"3.029","finished":"False","colour":"00FFFF"}}}'
2025-01-23 22:01:21,147 - INFO - b'{"racedata":{"Dacus":{"position":"1","lap":"1","gate":"5","time":"3.400","finished":"False","colour":"00FFFF"}}}'
2025-01-23 22:01:21,858 - INFO - b'{"racedata":{"Dacus":{"position":"1","lap":"1","gate":"6","time":"4.101","finished":"False","colour":"00FFFF"}}}'
2025-01-23 22:01:21,961 - INFO - b'{"racedata":{"Dacus":{"position":"1","lap":"1","gate":"7","time":"4.198","finished":"False","colour":"00FFFF"}}}'
2025-01-23 22:01:22,377 - INFO - b'{"racedata":{"Dacus":{"position":"1","lap":"1","gate":"8","time":"4.571","finished":"False","colour":"00FFFF"}}}'
2025-01-23 22:01:22,990 - INFO - b'{"racedata":{"Dacus":{"position":"1","lap":"1","gate":"9","time":"5.146","finished":"False","colour":"00FFFF"}}}'
2025-01-23 22:01:23,815 - INFO - b'{"racedata":{"Dacus":{"position":"1","lap":"1","gate":"10","time":"6.033","finished":"False","colour":"00FFFF"}}}'
2025-01-23 22:01:24,125 - INFO - b'{"racedata":{"Dacus":{"position":"1","lap":"1","gate":"11","time":"6.378","finished":"False","colour":"00FFFF"}}}'
2025-01-23 22:01:24,738 - INFO - b'{"racedata":{"Dacus":{"position":"1","lap":"1","gate":"12","time":"6.907","finished":"False","colour":"00FFFF"}}}'
2025-01-23 22:01:25,143 - INFO - b'{"racedata":{"Dacus":{"position":"1","lap":"1","gate":"13","time":"7.319","finished":"False","colour":"00FFFF"}}}'
2025-01-23 22:01:25,452 - INFO - b'{"racedata":{"Dacus":{"position":"1","lap":"1","gate":"14","time":"7.683","finished":"False","colour":"00FFFF"}}}'
2025-01-23 22:01:25,865 - INFO - b'{"racedata":{"Dacus":{"position":"1","lap":"1","gate":"15","time":"8.036","finished":"False","colour":"00FFFF"}}}'
2025-01-23 22:01:26,381 - INFO - b'{"racedata":{"Dacus":{"position":"1","lap":"1","gate":"16","time":"8.635","finished":"False","colour":"00FFFF"}}}'
2025-01-23 22:01:26,584 - INFO - b'{"racedata":{"Dacus":{"position":"1","lap":"1","gate":"17","time":"8.817","finished":"False","colour":"00FFFF"}}}'
2025-01-23 22:01:26,793 - INFO - b'{"racedata":{"Dacus":{"position":"1","lap":"1","gate":"18","time":"8.983","finished":"False","colour":"00FFFF"}}}'
2025-01-23 22:01:26,996 - INFO - b'{"racedata":{"Dacus":{"position":"1","lap":"1","gate":"19","time":"9.212","finished":"False","colour":"00FFFF"}}}'
2025-01-23 22:01:27,909 - INFO - b'{"racedata":{"Dacus":{"position":"1","lap":"1","gate":"20","time":"10.142","finished":"False","colour":"00FFFF"}}}'
2025-01-23 22:01:28,416 - INFO - b'{"racedata":{"Dacus":{"position":"1","lap":"1","gate":"21","time":"10.654","finished":"False","colour":"00FFFF"}}}'
2025-01-23 22:01:29,651 - INFO - b'{"racedata":{"Dacus":{"position":"1","lap":"1","gate":"22","time":"11.903","finished":"False","colour":"00FFFF"}}}'
2025-01-23 22:01:30,673 - INFO - b'{"racedata":{"Dacus":{"position":"1","lap":"1","gate":"23","time":"12.864","finished":"False","colour":"00FFFF"}}}'
2025-01-23 22:01:31,499 - INFO - b'{"racedata":{"Dacus":{"position":"1","lap":"1","gate":"24","time":"13.718","finished":"False","colour":"00FFFF"}}}'
2025-01-23 22:01:31,707 - INFO - b'{"racedata":{"Dacus":{"position":"1","lap":"1","gate":"25","time":"13.944","finished":"False","colour":"00FFFF"}}}'
2025-01-23 22:01:32,215 - INFO - b'{"racedata":{"Dacus":{"position":"1","lap":"1","gate":"26","time":"14.453","finished":"False","colour":"00FFFF"}}}'
2025-01-23 22:01:32,521 - INFO - b'{"racedata":{"Dacus":{"position":"1","lap":"1","gate":"27","time":"14.743","finished":"False","colour":"00FFFF"}}}'
2025-01-23 22:01:33,545 - INFO - b'{"racedata":{"Dacus":{"position":"1","lap":"1","gate":"28","time":"15.793","finished":"False","colour":"00FFFF"}}}'
2025-01-23 22:01:33,955 - INFO - b'{"racedata":{"Dacus":{"position":"1","lap":"1","gate":"29","time":"16.144","finished":"False","colour":"00FFFF"}}}'
2025-01-23 22:01:34,159 - INFO - b'{"racedata":{"Dacus":{"position":"1","lap":"1","gate":"30","time":"16.412","finished":"False","colour":"00FFFF"}}}'
2025-01-23 22:01:34,869 - INFO - b'{"racedata":{"Dacus":{"position":"1","lap":"1","gate":"31","time":"17.077","finished":"False","colour":"00FFFF"}}}'
2025-01-23 22:01:35,594 - INFO - b'{"racedata":{"Dacus":{"position":"1","lap":"1","gate":"32","time":"17.824","finished":"False","colour":"00FFFF"}}}'
2025-01-23 22:01:36,109 - INFO - b'{"racedata":{"Dacus":{"position":"1","lap":"1","gate":"33","time":"18.322","finished":"False","colour":"00FFFF"}}}'
2025-01-23 22:01:36,521 - INFO - b'{"racedata":{"Dacus":{"position":"1","lap":"1","gate":"34","time":"18.737","finished":"False","colour":"00FFFF"}}}'
2025-01-23 22:01:36,928 - INFO - b'{"racedata":{"Dacus":{"position":"1","lap":"1","gate":"35","time":"19.105","finished":"False","colour":"00FFFF"}}}'
2025-01-23 22:01:37,442 - INFO - b'{"racedata":{"Dacus":{"position":"1","lap":"1","gate":"36","time":"19.662","finished":"False","colour":"00FFFF"}}}'
2025-01-23 22:01:37,751 - INFO - b'{"racedata":{"Dacus":{"position":"1","lap":"1","gate":"37","time":"20.004","finished":"False","colour":"00FFFF"}}}'
2025-01-23 22:01:38,163 - INFO - b'{"racedata":{"Dacus":{"position":"1","lap":"1","gate":"38","time":"20.397","finished":"False","colour":"00FFFF"}}}'
2025-01-23 22:01:38,869 - INFO - b'{"racedata":{"Dacus":{"position":"1","lap":"1","gate":"39","time":"21.035","finished":"False","colour":"00FFFF"}}}'
2025-01-23 22:01:39,072 - INFO - b'{"racedata":{"Dacus":{"position":"1","lap":"1","gate":"40","time":"21.258","finished":"False","colour":"00FFFF"}}}'
2025-01-23 22:01:39,998 - INFO - b'{"racedata":{"Dacus":{"position":"1","lap":"1","gate":"41","time":"22.178","finished":"False","colour":"00FFFF"}}}'
2025-01-23 22:01:40,613 - INFO - b'{"racedata":{"Dacus":{"position":"1","lap":"1","gate":"42","time":"22.769","finished":"False","colour":"00FFFF"}}}'
2025-01-23 22:01:41,542 - INFO - b'{"racedata":{"Dacus":{"position":"1","lap":"2","gate":"1","time":"23.748","finished":"False","colour":"00FFFF"}}}'
2025-01-23 22:01:42,063 - INFO - b'{"racedata":{"Dacus":{"position":"1","lap":"2","gate":"2","time":"24.306","finished":"False","colour":"00FFFF"}}}'
2025-01-23 22:01:42,477 - INFO - b'{"racedata":{"Dacus":{"position":"1","lap":"2","gate":"3","time":"24.695","finished":"False","colour":"00FFFF"}}}'
2025-01-23 22:01:43,292 - INFO - b'{"racedata":{"Dacus":{"position":"1","lap":"2","gate":"4","time":"25.451","finished":"False","colour":"00FFFF"}}}'
2025-01-23 22:01:43,706 - INFO - b'{"racedata":{"Dacus":{"position":"1","lap":"2","gate":"5","time":"25.873","finished":"False","colour":"00FFFF"}}}'
2025-01-23 22:01:44,320 - INFO - b'{"racedata":{"Dacus":{"position":"1","lap":"2","gate":"6","time":"26.542","finished":"False","colour":"00FFFF"}}}'
2025-01-23 22:01:44,421 - INFO - b'{"racedata":{"Dacus":{"position":"1","lap":"2","gate":"7","time":"26.651","finished":"False","colour":"00FFFF"}}}'
2025-01-23 22:01:44,832 - INFO - b'{"racedata":{"Dacus":{"position":"1","lap":"2","gate":"8","time":"27.067","finished":"False","colour":"00FFFF"}}}'
2025-01-23 22:01:45,448 - INFO - b'{"racedata":{"Dacus":{"position":"1","lap":"2","gate":"9","time":"27.675","finished":"False","colour":"00FFFF"}}}'
2025-01-23 22:01:46,370 - INFO - b'{"racedata":{"Dacus":{"position":"1","lap":"2","gate":"10","time":"28.583","finished":"False","colour":"00FFFF"}}}'
2025-01-23 22:01:46,784 - INFO - b'{"racedata":{"Dacus":{"position":"1","lap":"2","gate":"11","time":"28.980","finished":"False","colour":"00FFFF"}}}'
2025-01-23 22:01:47,400 - INFO - b'{"racedata":{"Dacus":{"position":"1","lap":"2","gate":"12","time":"29.575","finished":"False","colour":"00FFFF"}}}'
2025-01-23 22:01:47,812 - INFO - b'{"racedata":{"Dacus":{"position":"1","lap":"2","gate":"13","time":"29.988","finished":"False","colour":"00FFFF"}}}'
2025-01-23 22:01:48,018 - INFO - b'{"racedata":{"Dacus":{"position":"1","lap":"2","gate":"14","time":"30.244","finished":"False","colour":"00FFFF"}}}'
2025-01-23 22:01:48,533 - INFO - b'{"racedata":{"Dacus":{"position":"1","lap":"2","gate":"15","time":"30.736","finished":"False","colour":"00FFFF"}}}'
2025-01-23 22:01:49,148 - INFO - b'{"racedata":{"Dacus":{"position":"1","lap":"2","gate":"16","time":"31.337","finished":"False","colour":"00FFFF"}}}'
2025-01-23 22:01:49,351 - INFO - b'{"racedata":{"Dacus":{"position":"1","lap":"2","gate":"17","time":"31.527","finished":"False","colour":"00FFFF"}}}'
2025-01-23 22:01:49,452 - INFO - b'{"racedata":{"Dacus":{"position":"1","lap":"2","gate":"18","time":"31.697","finished":"False","colour":"00FFFF"}}}'
2025-01-23 22:01:49,760 - INFO - b'{"racedata":{"Dacus":{"position":"1","lap":"2","gate":"19","time":"31.933","finished":"False","colour":"00FFFF"}}}'
2025-01-23 22:01:50,787 - INFO - b'{"racedata":{"Dacus":{"position":"1","lap":"2","gate":"20","time":"33.001","finished":"False","colour":"00FFFF"}}}'
2025-01-23 22:01:51,198 - INFO - b'{"racedata":{"Dacus":{"position":"1","lap":"2","gate":"21","time":"33.372","finished":"False","colour":"00FFFF"}}}'
2025-01-23 22:01:52,533 - INFO - b'{"racedata":{"Dacus":{"position":"1","lap":"2","gate":"22","time":"34.728","finished":"False","colour":"00FFFF"}}}'
2025-01-23 22:01:53,458 - INFO - b'{"racedata":{"Dacus":{"position":"1","lap":"2","gate":"23","time":"35.695","finished":"False","colour":"00FFFF"}}}'
2025-01-23 22:01:54,383 - INFO - b'{"racedata":{"Dacus":{"position":"1","lap":"2","gate":"24","time":"36.537","finished":"False","colour":"00FFFF"}}}'
2025-01-23 22:01:54,590 - INFO - b'{"racedata":{"Dacus":{"position":"1","lap":"2","gate":"25","time":"36.771","finished":"False","colour":"00FFFF"}}}'
2025-01-23 22:01:55,103 - INFO - b'{"racedata":{"Dacus":{"position":"1","lap":"2","gate":"26","time":"37.342","finished":"False","colour":"00FFFF"}}}'
2025-01-23 22:01:55,409 - INFO - b'{"racedata":{"Dacus":{"position":"1","lap":"2","gate":"27","time":"37.649","finished":"False","colour":"00FFFF"}}}'
2025-01-23 22:01:56,535 - INFO - b'{"racedata":{"Dacus":{"position":"1","lap":"2","gate":"28","time":"38.731","finished":"False","colour":"00FFFF"}}}'
2025-01-23 22:01:56,844 - INFO - b'{"racedata":{"Dacus":{"position":"1","lap":"2","gate":"29","time":"39.069","finished":"False","colour":"00FFFF"}}}'
2025-01-23 22:01:57,257 - INFO - b'{"racedata":{"Dacus":{"position":"1","lap":"2","gate":"30","time":"39.458","finished":"False","colour":"00FFFF"}}}'
2025-01-23 22:01:57,774 - INFO - b'{"racedata":{"Dacus":{"position":"1","lap":"2","gate":"31","time":"39.978","finished":"False","colour":"00FFFF"}}}'
2025-01-23 22:01:58,593 - INFO - b'{"racedata":{"Dacus":{"position":"1","lap":"2","gate":"32","time":"40.809","finished":"False","colour":"00FFFF"}}}'
2025-01-23 22:01:59,110 - INFO - b'{"racedata":{"Dacus":{"position":"1","lap":"2","gate":"33","time":"41.338","finished":"False","colour":"00FFFF"}}}'
2025-01-23 22:01:59,521 - INFO - b'{"racedata":{"Dacus":{"position":"1","lap":"2","gate":"34","time":"41.729","finished":"False","colour":"00FFFF"}}}'
2025-01-23 22:01:59,933 - INFO - b'{"racedata":{"Dacus":{"position":"1","lap":"2","gate":"35","time":"42.130","finished":"False","colour":"00FFFF"}}}'
2025-01-23 22:02:00,345 - INFO - b'{"racedata":{"Dacus":{"position":"1","lap":"2","gate":"36","time":"42.545","finished":"False","colour":"00FFFF"}}}'
2025-01-23 22:02:00,655 - INFO - b'{"racedata":{"Dacus":{"position":"1","lap":"2","gate":"37","time":"42.909","finished":"False","colour":"00FFFF"}}}'
2025-01-23 22:02:01,065 - INFO - b'{"racedata":{"Dacus":{"position":"1","lap":"2","gate":"38","time":"43.315","finished":"False","colour":"00FFFF"}}}'
2025-01-23 22:02:01,787 - INFO - b'{"racedata":{"Dacus":{"position":"1","lap":"2","gate":"39","time":"43.964","finished":"False","colour":"00FFFF"}}}'
2025-01-23 22:02:01,994 - INFO - b'{"racedata":{"Dacus":{"position":"1","lap":"2","gate":"40","time":"44.188","finished":"False","colour":"00FFFF"}}}'
2025-01-23 22:02:02,911 - INFO - b'{"racedata":{"Dacus":{"position":"1","lap":"2","gate":"41","time":"45.097","finished":"False","colour":"00FFFF"}}}'
2025-01-23 22:02:03,423 - INFO - b'{"racedata":{"Dacus":{"position":"1","lap":"2","gate":"42","time":"45.602","finished":"False","colour":"00FFFF"}}}'
2025-01-23 22:02:04,446 - INFO - b'{"racedata":{"Dacus":{"position":"1","lap":"3","gate":"1","time":"46.643","finished":"False","colour":"00FFFF"}}}'
2025-01-23 22:02:05,058 - INFO - b'{"racedata":{"Dacus":{"position":"1","lap":"3","gate":"2","time":"47.227","finished":"False","colour":"00FFFF"}}}'
2025-01-23 22:02:05,468 - INFO - b'{"racedata":{"Dacus":{"position":"1","lap":"3","gate":"3","time":"47.686","finished":"False","colour":"00FFFF"}}}'
2025-01-23 22:02:06,187 - INFO - b'{"racedata":{"Dacus":{"position":"1","lap":"3","gate":"4","time":"48.439","finished":"False","colour":"00FFFF"}}}'
2025-01-23 22:02:06,593 - INFO - b'{"racedata":{"Dacus":{"position":"1","lap":"3","gate":"5","time":"48.810","finished":"False","colour":"00FFFF"}}}'
2025-01-23 22:02:07,208 - INFO - b'{"racedata":{"Dacus":{"position":"1","lap":"3","gate":"6","time":"49.432","finished":"False","colour":"00FFFF"}}}'
2025-01-23 22:02:07,312 - INFO - b'{"racedata":{"Dacus":{"position":"1","lap":"3","gate":"7","time":"49.552","finished":"False","colour":"00FFFF"}}}'
2025-01-23 22:02:07,825 - INFO - b'{"racedata":{"Dacus":{"position":"1","lap":"3","gate":"8","time":"50.006","finished":"False","colour":"00FFFF"}}}'
2025-01-23 22:02:08,443 - INFO - b'{"racedata":{"Dacus":{"position":"1","lap":"3","gate":"9","time":"50.628","finished":"False","colour":"00FFFF"}}}'
2025-01-23 22:02:09,366 - INFO - b'{"racedata":{"Dacus":{"position":"1","lap":"3","gate":"10","time":"51.549","finished":"False","colour":"00FFFF"}}}'
2025-01-23 22:02:09,679 - INFO - b'{"racedata":{"Dacus":{"position":"1","lap":"3","gate":"11","time":"51.927","finished":"False","colour":"00FFFF"}}}'
2025-01-23 22:02:10,299 - INFO - b'{"racedata":{"Dacus":{"position":"1","lap":"3","gate":"12","time":"52.475","finished":"False","colour":"00FFFF"}}}'
2025-01-23 22:02:10,605 - INFO - b'{"racedata":{"Dacus":{"position":"1","lap":"3","gate":"13","time":"52.847","finished":"False","colour":"00FFFF"}}}'
2025-01-23 22:02:11,126 - INFO - b'{"racedata":{"Dacus":{"position":"1","lap":"3","gate":"14","time":"53.318","finished":"False","colour":"00FFFF"}}}'
2025-01-23 22:02:11,331 - INFO - b'{"racedata":{"Dacus":{"position":"1","lap":"3","gate":"15","time":"53.573","finished":"False","colour":"00FFFF"}}}'
2025-01-23 22:02:12,051 - INFO - b'{"racedata":{"Dacus":{"position":"1","lap":"3","gate":"16","time":"54.258","finished":"False","colour":"00FFFF"}}}'
2025-01-23 22:02:12,253 - INFO - b'{"racedata":{"Dacus":{"position":"1","lap":"3","gate":"17","time":"54.451","finished":"False","colour":"00FFFF"}}}'
2025-01-23 22:02:12,458 - INFO - b'{"racedata":{"Dacus":{"position":"1","lap":"3","gate":"18","time":"54.621","finished":"False","colour":"00FFFF"}}}'
2025-01-23 22:02:12,661 - INFO - b'{"racedata":{"Dacus":{"position":"1","lap":"3","gate":"19","time":"54.874","finished":"False","colour":"00FFFF"}}}'
2025-01-23 22:02:13,688 - INFO - b'{"racedata":{"Dacus":{"position":"1","lap":"3","gate":"20","time":"55.882","finished":"False","colour":"00FFFF"}}}'
2025-01-23 22:02:14,103 - INFO - b'{"racedata":{"Dacus":{"position":"1","lap":"3","gate":"21","time":"56.316","finished":"False","colour":"00FFFF"}}}'
2025-01-23 22:02:15,444 - INFO - b'{"racedata":{"Dacus":{"position":"1","lap":"3","gate":"22","time":"57.675","finished":"False","colour":"00FFFF"}}}'
2025-01-23 22:02:16,367 - INFO - b'{"racedata":{"Dacus":{"position":"1","lap":"3","gate":"23","time":"58.568","finished":"False","colour":"00FFFF"}}}'
2025-01-23 22:02:17,293 - INFO - b'{"racedata":{"Dacus":{"position":"1","lap":"3","gate":"24","time":"59.476","finished":"False","colour":"00FFFF"}}}'
2025-01-23 22:02:17,500 - INFO - b'{"racedata":{"Dacus":{"position":"1","lap":"3","gate":"25","time":"59.720","finished":"False","colour":"00FFFF"}}}'
2025-01-23 22:02:18,013 - INFO - b'{"racedata":{"Dacus":{"position":"1","lap":"3","gate":"26","time":"60.234","finished":"False","colour":"00FFFF"}}}'
2025-01-23 22:02:18,324 - INFO - b'{"racedata":{"Dacus":{"position":"1","lap":"3","gate":"27","time":"60.545","finished":"False","colour":"00FFFF"}}}'
2025-01-23 22:02:19,451 - INFO - b'{"racedata":{"Dacus":{"position":"1","lap":"3","gate":"28","time":"61.627","finished":"False","colour":"00FFFF"}}}'
2025-01-23 22:02:19,755 - INFO - b'{"racedata":{"Dacus":{"position":"1","lap":"3","gate":"29","time":"61.959","finished":"False","colour":"00FFFF"}}}'
2025-01-23 22:02:20,269 - INFO - b'{"racedata":{"Dacus":{"position":"1","lap":"3","gate":"30","time":"62.430","finished":"False","colour":"00FFFF"}}}'
2025-01-23 22:02:20,784 - INFO - b'{"racedata":{"Dacus":{"position":"1","lap":"3","gate":"31","time":"62.962","finished":"False","colour":"00FFFF"}}}'
2025-01-23 22:02:21,402 - INFO - b'{"racedata":{"Dacus":{"position":"1","lap":"3","gate":"32","time":"63.624","finished":"False","colour":"00FFFF"}}}'
2025-01-23 22:02:22,019 - INFO - b'{"racedata":{"Dacus":{"position":"1","lap":"3","gate":"33","time":"64.240","finished":"False","colour":"00FFFF"}}}'
2025-01-23 22:02:22,433 - INFO - b'{"racedata":{"Dacus":{"position":"1","lap":"3","gate":"34","time":"64.657","finished":"False","colour":"00FFFF"}}}'
2025-01-23 22:02:22,842 - INFO - b'{"racedata":{"Dacus":{"position":"1","lap":"3","gate":"35","time":"65.094","finished":"False","colour":"00FFFF"}}}'
2025-01-23 22:02:23,564 - INFO - b'{"racedata":{"Dacus":{"position":"1","lap":"3","gate":"36","time":"65.759","finished":"False","colour":"00FFFF"}}}'
2025-01-23 22:02:23,871 - INFO - b'{"racedata":{"Dacus":{"position":"1","lap":"3","gate":"37","time":"66.106","finished":"False","colour":"00FFFF"}}}'
2025-01-23 22:02:24,282 - INFO - b'{"racedata":{"Dacus":{"position":"1","lap":"3","gate":"38","time":"66.517","finished":"False","colour":"00FFFF"}}}'
2025-01-23 22:02:24,995 - INFO - b'{"racedata":{"Dacus":{"position":"1","lap":"3","gate":"39","time":"67.159","finished":"False","colour":"00FFFF"}}}'
2025-01-23 22:02:25,201 - INFO - b'{"racedata":{"Dacus":{"position":"1","lap":"3","gate":"40","time":"67.392","finished":"False","colour":"00FFFF"}}}'
2025-01-23 22:02:26,024 - INFO - b'{"racedata":{"Dacus":{"position":"1","lap":"3","gate":"41","time":"68.268","finished":"False","colour":"00FFFF"}}}'
2025-01-23 22:02:26,538 - INFO - b'{"racedata":{"Dacus":{"position":"1","lap":"3","gate":"42","time":"68.777","finished":"False","colour":"00FFFF"}}}'
2025-01-23 22:02:27,514 - INFO - b'{"racedata":{"Dacus":{"position":"1","lap":"3","gate":"43","time":"69.711","finished":"True","colour":"00FFFF"}}}'
2025-01-23 22:02:27,828 - INFO - b'{"racestatus":{"raceAction":"race finished"}}'
